
          -------------------------------------------------------
          Amber 16 SANDER                              2016
          -------------------------------------------------------

| Run on 10/31/2017 at 10:53:27

|   Executable path: sander
| Working directory: /home/haofan/Simulation/octanol/octanol_density/equilibration
|          Hostname: Unknown
  [-O]verwriting output

File Assignments:
|  MDIN: min00001.in                                                           
| MDOUT: min00001.out                                                          
|INPCRD: ../solvated.rst7                                                      
|  PARM: ../solvated.parm7                                                     
|RESTRT: min00001.rst7                                                         
|  REFC: ../solvated.rst7                                                      
| MDVEL: mdvel                                                                 
| MDFRC: mdfrc                                                                 
|  MDEN: min00001.en                                                           
| MDCRD: min00001.nc                                                           
|MDINFO: min00001.info                                                         
|  MTMD: mtmd                                                                  
|INPDIP: inpdip                                                                
|RSTDIP: rstdip                                                                
|INPTRA: inptraj                                                               


 Here is the input file:

                                                                               
Minimise whole system                                                          
&cntrl                                                                         
ntxo=1,                                                                        
imin = 1, ntmin = 1,                                                           
maxcyc = 100, ncyc = 10,                                                       
ntpr = 20, ntwe = 20,                                                          
dx0 = 1.0D-7,                                                                  
ntb = 1,                                                                       
ntr = 1, restraint_wt = 10.00,                                                 
restraintmask="!:WAT,HOH,T3P,T4P,CLP,MOL,LIG",                                 
/                                                                              

--------------------------------------------------------------------------------
   1.  RESOURCE   USE: 
--------------------------------------------------------------------------------

| Flags:                                                                        
 getting new box info from bottom of inpcrd
|  INFO: Old style inpcrd file read

| peek_ewald_inpcrd: Box info found
|Largest sphere to fit in unit cell has radius =    16.803
| New format PARM file being parsed.
| Version =    1.000 Date = 10/31/17 Time = 10:49:43
 NATOM  =    2889 NTYPES =       5 NBONH =    1926 MBONA  =     856
 NTHETH =    4494 MTHETA =     749 NPHIH =    6741 MPHIA  =    1712
 NHPARM =       0 NPARM  =       0 NNB   =   15194 NRES   =     107
 NBONA  =     856 NTHETA =     749 NPHIA =    1712 NUMBND =       5
 NUMANG =       8 NPTRA  =       9 NATYP =       5 NPHB   =       0
 IFBOX  =       1 NMXRS  =      27 IFCAP =       0 NEXTRA =       0
 NCOPY  =       0


|     Memory Use     Allocated
|     Real              324046
|     Hollerith           8776
|     Integer           518864
|     Max Pairs         963000
|     nblistReal         34668
|     nblist Int        293593
|       Total             9772 kbytes

| Note: 1-4 EEL scale factors are being read from the topology file.

| Note: 1-4 VDW scale factors are being read from the topology file.
| Duplicated    0 dihedrals
| Duplicated    0 dihedrals

     BOX TYPE: RECTILINEAR

--------------------------------------------------------------------------------
   2.  CONTROL  DATA  FOR  THE  RUN
--------------------------------------------------------------------------------

OCT                                                                             

General flags:
     imin    =       1, nmropt  =       0

Nature and format of input:
     ntx     =       1, irest   =       0, ntrx    =       1

Nature and format of output:
     ntxo    =       1, ntpr    =      20, ntrx    =       1, ntwr    =       1
     iwrap   =       0, ntwx    =       0, ntwv    =       0, ntwe    =      20
     ioutfm  =       1, ntwprt  =       0, idecomp =       0, rbornstat=      0

Potential function:
     ntf     =       1, ntb     =       1, igb     =       0, nsnb    =      25
     ipol    =       0, gbsa    =       0, iesp    =       0
     dielc   =   1.00000, cut     =   8.00000, intdiel =   1.00000

Frozen or restrained atoms:
     ibelly  =       0, ntr     =       1
     restraint_wt =  10.00000

Energy minimization:
     maxcyc  =     100, ncyc    =      10, ntmin   =       1
     dx0     =   0.00000, drms    =   0.00010

Ewald parameters:
     verbose =       0, ew_type =       0, nbflag  =       1, use_pme =       1
     vdwmeth =       1, eedmeth =       1, netfrc  =       0
     Box X =   49.992   Box Y =   33.606   Box Z =   48.816
     Alpha =   90.000   Beta  =   90.000   Gamma =   90.000
     NFFT1 =   50       NFFT2 =   36       NFFT3 =   48
     Cutoff=    8.000   Tol   =0.100E-04
     Ewald Coefficient =  0.34864
     Interpolation order =    4

    LOADING THE CONSTRAINED ATOMS AS GROUPS


   5.  REFERENCE ATOM COORDINATES

  OCT 
     Mask !:WAT,HOH,T3P,T4P,CLP,MOL,LIG; matches  2889 atoms

--------------------------------------------------------------------------------
   3.  ATOMIC COORDINATES AND VELOCITIES
--------------------------------------------------------------------------------

OCT                                                                             
 begin time read from input coords =     0.000 ps

 Number of triangulated 3-point waters found:        0

     Sum of charges from parm topology file =  -0.10699977
     Assuming uniform neutralizing plasma

--------------------------------------------------------------------------------
   4.  RESULTS
--------------------------------------------------------------------------------

 ---------------------------------------------------
 APPROXIMATING switch and d/dx switch using CUBIC SPLINE INTERPOLATION
 using   5000.0 points per unit in tabled values
 TESTING RELATIVE ERROR over r ranging from 0.0 to cutoff
| CHECK switch(x): max rel err =   0.2738E-14   at   2.422500
| CHECK d/dx switch(x): max rel err =   0.8332E-11   at   2.782960
 ---------------------------------------------------
| Local SIZE OF NONBOND LIST =     199632
| TOTAL SIZE OF NONBOND LIST =     199632


   NSTEP       ENERGY          RMS            GMAX         NAME    NUMBER
      1       5.2430E+02     3.7943E+00     1.5994E+01     C7       1223

 BOND    =       21.1945  ANGLE   =      137.7264  DIHED      =      364.4909
 VDWAALS =     -181.6883  EEL     =      156.9071  HBOND      =        0.0000
 1-4 VDW =      263.2572  1-4 EEL =     -237.5893  RESTRAINT  =        0.0000


   NSTEP       ENERGY          RMS            GMAX         NAME    NUMBER
     20       4.3349E+02     8.0298E-01     2.8046E+00     C3       1220

 BOND    =       13.5297  ANGLE   =       87.8867  DIHED      =      364.7179
 VDWAALS =     -186.5922  EEL     =      156.3386  HBOND      =        0.0000
 1-4 VDW =      229.7664  1-4 EEL =     -239.1861  RESTRAINT  =        7.0324
 EAMBER  =      426.4609


   NSTEP       ENERGY          RMS            GMAX         NAME    NUMBER
     40       4.2519E+02     1.8043E-01     4.8513E-01     C6       1195

 BOND    =       11.9228  ANGLE   =       96.8393  DIHED      =      360.9792
 VDWAALS =     -193.8727  EEL     =      158.5546  HBOND      =        0.0000
 1-4 VDW =      220.5724  1-4 EEL =     -242.6702  RESTRAINT  =       12.8680
 EAMBER  =      412.3255


   NSTEP       ENERGY          RMS            GMAX         NAME    NUMBER
     60       4.2481E+02     3.7213E-02     1.5169E-01     C5       1680

 BOND    =       13.3710  ANGLE   =       96.5523  DIHED      =      360.6773
 VDWAALS =     -194.3880  EEL     =      159.2862  HBOND      =        0.0000
 1-4 VDW =      219.0147  1-4 EEL =     -244.2180  RESTRAINT  =       14.5132
 EAMBER  =      410.2955


   NSTEP       ENERGY          RMS            GMAX         NAME    NUMBER
     80       2.5197E+04     9.5119E+01     4.6596E+02     C4       1675

 BOND    =    18732.3837  ANGLE   =     5525.8961  DIHED      =      468.6113
 VDWAALS =     -218.2836  EEL     =      157.2395  HBOND      =        0.0000
 1-4 VDW =      194.3713  1-4 EEL =     -212.7322  RESTRAINT  =      549.4117
 EAMBER  =    24647.4861


   NSTEP       ENERGY          RMS            GMAX         NAME    NUMBER
    100       4.2480E+02     2.7159E-04     9.1220E-04     C1       1677

 BOND    =       13.4947  ANGLE   =       96.2657  DIHED      =      360.7164
 VDWAALS =     -194.4171  EEL     =      159.3862  HBOND      =        0.0000
 1-4 VDW =      219.1173  1-4 EEL =     -244.4502  RESTRAINT  =       14.6857
 EAMBER  =      410.1131


  Maximum number of minimization cycles reached.


                    FINAL RESULTS



   NSTEP       ENERGY          RMS            GMAX         NAME    NUMBER
    100       4.2480E+02     2.7159E-04     9.1220E-04     C1       1677

 BOND    =       13.4947  ANGLE   =       96.2657  DIHED      =      360.7164
 VDWAALS =     -194.4171  EEL     =      159.3862  HBOND      =        0.0000
 1-4 VDW =      219.1173  1-4 EEL =     -244.4502  RESTRAINT  =       14.6857
 EAMBER  =      410.1131

--------------------------------------------------------------------------------
   5.  TIMINGS
--------------------------------------------------------------------------------

|    Read coords time           0.00 ( 0.13% of Total)
|                Build the list             0.01 (48.31% of List )
|                Other                      0.02 (51.69% of List )
|             List time                  0.03 ( 2.23% of Nonbo)
|                   Short_ene time             0.56 (98.01% of Direc)
|                   Other                      0.01 ( 1.99% of Direc)
|                Direct Ewald time          0.57 (42.66% of Ewald)
|                Adjust Ewald time          0.05 ( 3.90% of Ewald)
|                Self Ewald time            0.00 ( 0.01% of Ewald)
|                   Fill Bspline coeffs        0.02 ( 2.31% of Recip)
|                   Fill charge grid           0.05 ( 6.62% of Recip)
|                   Scalar sum                 0.20 (28.44% of Recip)
|                   Grad sum                   0.09 (12.76% of Recip)
|                   FFT time                   0.34 (49.86% of Recip)
|                   Other                      0.00 ( 0.01% of Recip)
|                Recip Ewald time           0.69 (51.35% of Ewald)
|                Virial junk                0.00 ( 0.08% of Ewald)
|                Other                      0.03 ( 2.00% of Ewald)
|             Ewald time                 1.34 (97.77% of Nonbo)
|          Nonbond force              1.37 (84.44% of Force)
|          Bond/Angle/Dihedral        0.25 (15.41% of Force)
|          Other                      0.00 ( 0.16% of Force)
|       Force time                 1.62 (100.0% of Runmd)
|    Runmd Time                 1.62 (68.86% of Total)
|    Other                      0.73 (31.01% of Total)
| Total time                 2.36 (100.0% of ALL  )

| Number of list builds   :          1

| Highest rstack allocated:     272049
| Highest istack allocated:       2889
|           Job began  at 10:53:27.554  on 10/31/2017
|           Setup done at 10:53:27.609  on 10/31/2017
|           Run   done at 10:53:29.913  on 10/31/2017
|     wallclock() was called    3850 times
