
          -------------------------------------------------------
          Amber 16 SANDER                              2016
          -------------------------------------------------------

| Run on 10/31/2017 at 10:57:22

|   Executable path: sander
| Working directory: /home/haofan/Simulation/octanol/octanol_density/equilibration
|          Hostname: Unknown
  [-O]verwriting output

File Assignments:
|  MDIN: md00003.in                                                            
| MDOUT: md00003.out                                                           
|INPCRD: md00002.rst7                                                          
|  PARM: ../solvated.parm7                                                     
|RESTRT: md00003.rst7                                                          
|  REFC: ../solvated.rst7                                                      
| MDVEL: mdvel                                                                 
| MDFRC: mdfrc                                                                 
|  MDEN: md00003.en                                                            
| MDCRD: md00003.nc                                                            
|MDINFO: md00003.info                                                          
|  MTMD: mtmd                                                                  
|INPDIP: inpdip                                                                
|RSTDIP: rstdip                                                                
|INPTRA: inptraj                                                               


 Here is the input file:

constant temperature                                                           
&cntrl                                                                         
ntxo=1,                                                                        
imin = 0, nstlim = 4000, irest = 1, ntx = 5, dt = 0.002,                       
ntt = 1, temp0 = 300.0, tautp = 1.0,                                           
ntb = 1,                                                                       
ntc = 2, ntf = 2,                                                              
ioutfm = 1, iwrap = 1,                                                         
ntwe = 800, ntwx = 800, ntpr = 400,                                            
ntr = 1, restraint_wt = 10.00,                                                 
restraintmask="!:WAT,HOH,T3P,T4P",                                             
/                                                                              
                                                                               

--------------------------------------------------------------------------------
   1.  RESOURCE   USE: 
--------------------------------------------------------------------------------

| Flags:                                                                        
 getting new box info from bottom of inpcrd
|  INFO: Old style inpcrd file read

| peek_ewald_inpcrd: Box info found
|Largest sphere to fit in unit cell has radius =    16.803
| New format PARM file being parsed.
| Version =    1.000 Date = 10/31/17 Time = 10:49:43
 NATOM  =    2889 NTYPES =       5 NBONH =    1926 MBONA  =     856
 NTHETH =    4494 MTHETA =     749 NPHIH =    6741 MPHIA  =    1712
 NHPARM =       0 NPARM  =       0 NNB   =   15194 NRES   =     107
 NBONA  =     856 NTHETA =     749 NPHIA =    1712 NUMBND =       5
 NUMANG =       8 NPTRA  =       9 NATYP =       5 NPHB   =       0
 IFBOX  =       1 NMXRS  =      27 IFCAP =       0 NEXTRA =       0
 NCOPY  =       0


|     Memory Use     Allocated
|     Real              289178
|     Hollerith           8776
|     Integer           518864
|     Max Pairs         963000
|     nblistReal         34668
|     nblist Int        293593
|       Total             9499 kbytes

| Note: 1-4 EEL scale factors are being read from the topology file.

| Note: 1-4 VDW scale factors are being read from the topology file.
| Duplicated    0 dihedrals
| Duplicated    0 dihedrals

     BOX TYPE: RECTILINEAR

--------------------------------------------------------------------------------
   2.  CONTROL  DATA  FOR  THE  RUN
--------------------------------------------------------------------------------

OCT                                                                             

General flags:
     imin    =       0, nmropt  =       0

Nature and format of input:
     ntx     =       5, irest   =       1, ntrx    =       1

Nature and format of output:
     ntxo    =       1, ntpr    =     400, ntrx    =       1, ntwr    =    4000
     iwrap   =       1, ntwx    =     800, ntwv    =       0, ntwe    =     800
     ioutfm  =       1, ntwprt  =       0, idecomp =       0, rbornstat=      0

Potential function:
     ntf     =       2, ntb     =       1, igb     =       0, nsnb    =      25
     ipol    =       0, gbsa    =       0, iesp    =       0
     dielc   =   1.00000, cut     =   8.00000, intdiel =   1.00000

Frozen or restrained atoms:
     ibelly  =       0, ntr     =       1
     restraint_wt =  10.00000

Molecular dynamics:
     nstlim  =      4000, nscm    =         0, nrespa  =         1
     t       =   0.00000, dt      =   0.00200, vlimit  =  20.00000

Berendsen (weak-coupling) temperature regulation:
     temp0   = 300.00000, tempi   =   0.00000, tautp   =   1.00000

SHAKE:
     ntc     =       2, jfastw  =       0
     tol     =   0.00001

Ewald parameters:
     verbose =       0, ew_type =       0, nbflag  =       1, use_pme =       1
     vdwmeth =       1, eedmeth =       1, netfrc  =       1
     Box X =   49.992   Box Y =   33.606   Box Z =   48.816
     Alpha =   90.000   Beta  =   90.000   Gamma =   90.000
     NFFT1 =   50       NFFT2 =   36       NFFT3 =   48
     Cutoff=    8.000   Tol   =0.100E-04
     Ewald Coefficient =  0.34864
     Interpolation order =    4

    LOADING THE CONSTRAINED ATOMS AS GROUPS


   5.  REFERENCE ATOM COORDINATES

  OCT 
     Mask !:WAT,HOH,T3P,T4P; matches  2889 atoms

--------------------------------------------------------------------------------
   3.  ATOMIC COORDINATES AND VELOCITIES
--------------------------------------------------------------------------------

OCT                                                                             
 begin time read from input coords =     2.000 ps

 Number of triangulated 3-point waters found:        0

     Sum of charges from parm topology file =  -0.10699977
     Assuming uniform neutralizing plasma

--------------------------------------------------------------------------------
   4.  RESULTS
--------------------------------------------------------------------------------

|  # of SOLUTE  degrees of freedom (RNDFP):    6741.
|  # of SOLVENT degrees of freedom (RNDFS):       0.
|  NDFMIN =    6741.     NUM_NOSHAKE =      0     CORRECTED RNDFP =    6741.
|  TOTAL # of degrees of freedom (RNDF) =    6741.
 ---------------------------------------------------
 APPROXIMATING switch and d/dx switch using CUBIC SPLINE INTERPOLATION
 using   5000.0 points per unit in tabled values
 TESTING RELATIVE ERROR over r ranging from 0.0 to cutoff
| CHECK switch(x): max rel err =   0.2738E-14   at   2.422500
| CHECK d/dx switch(x): max rel err =   0.8332E-11   at   2.782960
 ---------------------------------------------------
| Local SIZE OF NONBOND LIST =     199030
| TOTAL SIZE OF NONBOND LIST =     199030

 NSTEP =      400   TIME(PS) =       2.800  TEMP(K) =   165.17  PRESS =     0.0
 Etot   =      2747.6009  EKtot   =      1106.2673  EPtot      =      1641.3335
 BOND   =       136.0191  ANGLE   =       774.9210  DIHED      =       389.5374
 1-4 NB =       242.6608  1-4 EEL =      -247.1006  VDWAALS    =      -175.7203
 EELEC  =       160.6006  EHBOND  =         0.0000  RESTRAINT  =       360.4156
 EAMBER (non-restraint)  =      1280.9180
 Ewald error estimate:   0.2327E-01
 ------------------------------------------------------------------------------


 NSTEP =      800   TIME(PS) =       3.600  TEMP(K) =   206.04  PRESS =     0.0
 Etot   =      3309.3009  EKtot   =      1380.0175  EPtot      =      1929.2835
 BOND   =       176.8028  ANGLE   =       888.8457  DIHED      =       403.6093
 1-4 NB =       251.3924  1-4 EEL =      -243.6610  VDWAALS    =      -171.0434
 EELEC  =       160.0323  EHBOND  =         0.0000  RESTRAINT  =       463.3053
 EAMBER (non-restraint)  =      1465.9782
 Ewald error estimate:   0.2258E-01
 ------------------------------------------------------------------------------


 NSTEP =     1200   TIME(PS) =       4.400  TEMP(K) =   236.81  PRESS =     0.0
 Etot   =      3699.3916  EKtot   =      1586.1213  EPtot      =      2113.2703
 BOND   =       196.8689  ANGLE   =       961.4953  DIHED      =       413.5352
 1-4 NB =       244.7333  1-4 EEL =      -244.7671  VDWAALS    =      -171.8161
 EELEC  =       163.3135  EHBOND  =         0.0000  RESTRAINT  =       549.9072
 EAMBER (non-restraint)  =      1563.3631
 Ewald error estimate:   0.2229E-01
 ------------------------------------------------------------------------------


 NSTEP =     1600   TIME(PS) =       5.200  TEMP(K) =   253.65  PRESS =     0.0
 Etot   =      3965.8946  EKtot   =      1698.9361  EPtot      =      2266.9585
 BOND   =       238.4692  ANGLE   =      1028.4746  DIHED      =       411.4558
 1-4 NB =       247.7827  1-4 EEL =      -242.9327  VDWAALS    =      -163.7576
 EELEC  =       160.2402  EHBOND  =         0.0000  RESTRAINT  =       587.2263
 EAMBER (non-restraint)  =      1679.7321
 Ewald error estimate:   0.2199E-01
 ------------------------------------------------------------------------------


 NSTEP =     2000   TIME(PS) =       6.000  TEMP(K) =   267.26  PRESS =     0.0
 Etot   =      4149.1919  EKtot   =      1790.0666  EPtot      =      2359.1253
 BOND   =       236.2073  ANGLE   =      1088.1804  DIHED      =       411.6507
 1-4 NB =       246.5277  1-4 EEL =      -243.5224  VDWAALS    =      -168.0568
 EELEC  =       160.2391  EHBOND  =         0.0000  RESTRAINT  =       627.8993
 EAMBER (non-restraint)  =      1731.2259
 Ewald error estimate:   0.2183E-01
 ------------------------------------------------------------------------------


 NSTEP =     2400   TIME(PS) =       6.800  TEMP(K) =   276.73  PRESS =     0.0
 Etot   =      4269.9716  EKtot   =      1853.5191  EPtot      =      2416.4524
 BOND   =       240.6597  ANGLE   =      1120.8755  DIHED      =       417.3556
 1-4 NB =       255.5431  1-4 EEL =      -244.3003  VDWAALS    =      -168.4426
 EELEC  =       163.4355  EHBOND  =         0.0000  RESTRAINT  =       631.3260
 EAMBER (non-restraint)  =      1785.1264
 Ewald error estimate:   0.2179E-01
 ------------------------------------------------------------------------------


 NSTEP =     2800   TIME(PS) =       7.600  TEMP(K) =   293.10  PRESS =     0.0
 Etot   =      4354.6911  EKtot   =      1963.1039  EPtot      =      2391.5873
 BOND   =       240.7967  ANGLE   =      1125.5072  DIHED      =       420.1122
 1-4 NB =       259.9966  1-4 EEL =      -245.7594  VDWAALS    =      -169.3003
 EELEC  =       163.8006  EHBOND  =         0.0000  RESTRAINT  =       596.4337
 EAMBER (non-restraint)  =      1795.1536
 Ewald error estimate:   0.2061E-01
 ------------------------------------------------------------------------------


 NSTEP =     3200   TIME(PS) =       8.400  TEMP(K) =   297.35  PRESS =     0.0
 Etot   =      4412.2554  EKtot   =      1991.6101  EPtot      =      2420.6453
 BOND   =       239.9634  ANGLE   =      1140.7964  DIHED      =       416.6277
 1-4 NB =       259.1633  1-4 EEL =      -240.3928  VDWAALS    =      -164.7941
 EELEC  =       154.9542  EHBOND  =         0.0000  RESTRAINT  =       614.3273
 EAMBER (non-restraint)  =      1806.3180
 Ewald error estimate:   0.2065E-01
 ------------------------------------------------------------------------------


 NSTEP =     3600   TIME(PS) =       9.200  TEMP(K) =   303.16  PRESS =     0.0
 Etot   =      4453.4426  EKtot   =      2030.5317  EPtot      =      2422.9109
 BOND   =       259.7016  ANGLE   =      1181.5429  DIHED      =       417.2443
 1-4 NB =       255.7463  1-4 EEL =      -242.2369  VDWAALS    =      -172.8039
 EELEC  =       161.0339  EHBOND  =         0.0000  RESTRAINT  =       562.6827
 EAMBER (non-restraint)  =      1860.2282
 Ewald error estimate:   0.2331E-01
 ------------------------------------------------------------------------------


 NSTEP =     4000   TIME(PS) =      10.000  TEMP(K) =   302.25  PRESS =     0.0
 Etot   =      4479.2638  EKtot   =      2024.3985  EPtot      =      2454.8653
 BOND   =       236.2084  ANGLE   =      1195.8815  DIHED      =       418.2431
 1-4 NB =       264.8314  1-4 EEL =      -249.6337  VDWAALS    =      -160.0362
 EELEC  =       165.3375  EHBOND  =         0.0000  RESTRAINT  =       584.0334
 EAMBER (non-restraint)  =      1870.8319
 Ewald error estimate:   0.2131E-01
 ------------------------------------------------------------------------------


      A V E R A G E S   O V E R    4000 S T E P S


 NSTEP =     4000   TIME(PS) =      10.000  TEMP(K) =   250.90  PRESS =     0.0
 Etot   =      3863.4455  EKtot   =      1680.4723  EPtot      =      2182.9731
 BOND   =       213.8834  ANGLE   =      1013.2015  DIHED      =       410.6221
 1-4 NB =       252.0733  1-4 EEL =      -243.7939  VDWAALS    =      -168.1198
 EELEC  =       161.1931  EHBOND  =         0.0000  RESTRAINT  =       543.9136
 EAMBER (non-restraint)  =      1639.0596
 Ewald error estimate:   0.2199E-01
 ------------------------------------------------------------------------------


      R M S  F L U C T U A T I O N S


 NSTEP =     4000   TIME(PS) =      10.000  TEMP(K) =    50.32  PRESS =     0.0
 Etot   =       673.0116  EKtot   =       337.0152  EPtot      =       352.4011
 BOND   =        42.5359  ANGLE   =       181.5835  DIHED      =        10.2308
 1-4 NB =         7.8787  1-4 EEL =         3.3081  VDWAALS    =         7.6712
 EELEC  =         2.3038  EHBOND  =         0.0000  RESTRAINT  =       114.9463
 EAMBER (non-restraint)  =       237.4548
 Ewald error estimate:   0.1267E-02
 ------------------------------------------------------------------------------


--------------------------------------------------------------------------------
   5.  TIMINGS
--------------------------------------------------------------------------------

|    Read coords time           0.01 ( 0.01% of Total)
|                Build the list             0.02 (22.53% of List )
|                Other                      0.05 (77.47% of List )
|             List time                  0.07 ( 0.12% of Nonbo)
|                   Short_ene time            23.57 (98.14% of Direc)
|                   Other                      0.45 ( 1.86% of Direc)
|                Direct Ewald time         24.02 (44.05% of Ewald)
|                Adjust Ewald time          2.20 ( 4.04% of Ewald)
|                   Fill Bspline coeffs        0.64 ( 2.36% of Recip)
|                   Fill charge grid           1.80 ( 6.62% of Recip)
|                   Scalar sum                 7.75 (28.52% of Recip)
|                   Grad sum                   3.52 (12.93% of Recip)
|                   FFT time                  13.48 (49.57% of Recip)
|                   Other                      0.00 ( 0.01% of Recip)
|                Recip Ewald time          27.19 (49.86% of Ewald)
|                Force Adjust               0.02 ( 0.03% of Ewald)
|                Virial junk                0.04 ( 0.08% of Ewald)
|                Other                      1.06 ( 1.95% of Ewald)
|             Ewald time                54.53 (99.88% of Nonbo)
|          Nonbond force             54.60 (84.37% of Force)
|          Bond/Angle/Dihedral       10.02 (15.48% of Force)
|          Other                      0.10 ( 0.15% of Force)
|       Force time                64.72 (98.57% of Runmd)
|       Shake time                 0.57 ( 0.87% of Runmd)
|       Verlet update time         0.34 ( 0.52% of Runmd)
|       Other                      0.02 ( 0.03% of Runmd)
|    Runmd Time                65.65 (100.0% of Total)
|    Other                      0.05 ( 0.08% of Total)
| Total time                65.71 (100.0% of ALL  )

| Number of list builds   :          1

| Highest rstack allocated:     272049
| Highest istack allocated:       2889

| Final Performance Info:
| -----------------------------------------------------
| Average timings for all steps:
|     Elapsed(s) =      65.65 Per Step(ms) =      16.41
|         ns/day =      10.53   seconds/ns =    8206.79
| -----------------------------------------------------

|           Job began  at 10:57:22.937  on 10/31/2017
|           Setup done at 10:57:22.997  on 10/31/2017
|           Run   done at 10:58:28.651  on 10/31/2017
|     wallclock() was called  176025 times
