
          -------------------------------------------------------
          Amber 16 SANDER                              2016
          -------------------------------------------------------

| Run on 10/31/2017 at 10:59:31

|   Executable path: sander
| Working directory: /home/haofan/Simulation/octanol/octanol_density/equilibration
|          Hostname: Unknown
  [-O]verwriting output

File Assignments:
|  MDIN: md00004.in                                                            
| MDOUT: md00004.out                                                           
|INPCRD: md00003.rst7                                                          
|  PARM: ../solvated.parm7                                                     
|RESTRT: md00004.rst7                                                          
|  REFC: ../solvated.rst7                                                      
| MDVEL: mdvel                                                                 
| MDFRC: mdfrc                                                                 
|  MDEN: md00004.en                                                            
| MDCRD: md00004.nc                                                            
|MDINFO: md00004.info                                                          
|  MTMD: mtmd                                                                  
|INPDIP: inpdip                                                                
|RSTDIP: rstdip                                                                
|INPTRA: inptraj                                                               


 Here is the input file:

md with sander                                                                 
&cntrl                                                                         
ntxo=1,                                                                        
imin = 0, nstlim = 15000, irest = 1, ntx = 5, dt = 0.002,                      
ntt = 1, temp0 = 298.0, tautp = 1.0,                                           
ntp = 1, pres0 = 1.0, taup = 0.5,                                              
ntb = 2,                                                                       
ntc = 2, ntf = 2,                                                              
ioutfm = 1, iwrap = 1,                                                         
ntwe = 3000, ntwx = 3000, ntpr = 1500,                                         
ntr = 1, restraint_wt = 10.00,                                                 
restraintmask="!:WAT,HOH,T3P,T4P",                                             
/                                                                              
                                                                               

--------------------------------------------------------------------------------
   1.  RESOURCE   USE: 
--------------------------------------------------------------------------------

| Flags:                                                                        
 getting new box info from bottom of inpcrd
|  INFO: Old style inpcrd file read

| peek_ewald_inpcrd: Box info found
|Largest sphere to fit in unit cell has radius =    16.803
| New format PARM file being parsed.
| Version =    1.000 Date = 10/31/17 Time = 10:49:43
 NATOM  =    2889 NTYPES =       5 NBONH =    1926 MBONA  =     856
 NTHETH =    4494 MTHETA =     749 NPHIH =    6741 MPHIA  =    1712
 NHPARM =       0 NPARM  =       0 NNB   =   15194 NRES   =     107
 NBONA  =     856 NTHETA =     749 NPHIA =    1712 NUMBND =       5
 NUMANG =       8 NPTRA  =       9 NATYP =       5 NPHB   =       0
 IFBOX  =       1 NMXRS  =      27 IFCAP =       0 NEXTRA =       0
 NCOPY  =       0


|     Memory Use     Allocated
|     Real              289178
|     Hollerith           8776
|     Integer           518864
|     Max Pairs         963000
|     nblistReal         34668
|     nblist Int        293593
|       Total             9499 kbytes

| Note: 1-4 EEL scale factors are being read from the topology file.

| Note: 1-4 VDW scale factors are being read from the topology file.
| Duplicated    0 dihedrals
| Duplicated    0 dihedrals

     BOX TYPE: RECTILINEAR

--------------------------------------------------------------------------------
   2.  CONTROL  DATA  FOR  THE  RUN
--------------------------------------------------------------------------------

OCT                                                                             

General flags:
     imin    =       0, nmropt  =       0

Nature and format of input:
     ntx     =       5, irest   =       1, ntrx    =       1

Nature and format of output:
     ntxo    =       1, ntpr    =    1500, ntrx    =       1, ntwr    =   15000
     iwrap   =       1, ntwx    =    3000, ntwv    =       0, ntwe    =    3000
     ioutfm  =       1, ntwprt  =       0, idecomp =       0, rbornstat=      0

Potential function:
     ntf     =       2, ntb     =       2, igb     =       0, nsnb    =      25
     ipol    =       0, gbsa    =       0, iesp    =       0
     dielc   =   1.00000, cut     =   8.00000, intdiel =   1.00000

Frozen or restrained atoms:
     ibelly  =       0, ntr     =       1
     restraint_wt =  10.00000

Molecular dynamics:
     nstlim  =     15000, nscm    =         0, nrespa  =         1
     t       =   0.00000, dt      =   0.00200, vlimit  =  20.00000

Berendsen (weak-coupling) temperature regulation:
     temp0   = 298.00000, tempi   =   0.00000, tautp   =   1.00000

Pressure regulation:
     ntp     =       1
     pres0   =   1.00000, comp    =  44.60000, taup    =   0.50000

SHAKE:
     ntc     =       2, jfastw  =       0
     tol     =   0.00001

Ewald parameters:
     verbose =       0, ew_type =       0, nbflag  =       1, use_pme =       1
     vdwmeth =       1, eedmeth =       1, netfrc  =       1
     Box X =   49.992   Box Y =   33.606   Box Z =   48.816
     Alpha =   90.000   Beta  =   90.000   Gamma =   90.000
     NFFT1 =   50       NFFT2 =   36       NFFT3 =   48
     Cutoff=    8.000   Tol   =0.100E-04
     Ewald Coefficient =  0.34864
     Interpolation order =    4

    LOADING THE CONSTRAINED ATOMS AS GROUPS


   5.  REFERENCE ATOM COORDINATES

  OCT 
     Mask !:WAT,HOH,T3P,T4P; matches  2889 atoms

--------------------------------------------------------------------------------
   3.  ATOMIC COORDINATES AND VELOCITIES
--------------------------------------------------------------------------------

OCT                                                                             
 begin time read from input coords =    10.000 ps

 Number of triangulated 3-point waters found:        0

     Sum of charges from parm topology file =  -0.10699977
     Assuming uniform neutralizing plasma

--------------------------------------------------------------------------------
   4.  RESULTS
--------------------------------------------------------------------------------

|  # of SOLUTE  degrees of freedom (RNDFP):    6741.
|  # of SOLVENT degrees of freedom (RNDFS):       0.
|  NDFMIN =    6741.     NUM_NOSHAKE =      0     CORRECTED RNDFP =    6741.
|  TOTAL # of degrees of freedom (RNDF) =    6741.
 ---------------------------------------------------
 APPROXIMATING switch and d/dx switch using CUBIC SPLINE INTERPOLATION
 using   5000.0 points per unit in tabled values
 TESTING RELATIVE ERROR over r ranging from 0.0 to cutoff
| CHECK switch(x): max rel err =   0.2738E-14   at   2.422500
| CHECK d/dx switch(x): max rel err =   0.8332E-11   at   2.782960
 ---------------------------------------------------
| Local SIZE OF NONBOND LIST =     198907
| TOTAL SIZE OF NONBOND LIST =     198907

 NSTEP =     1500   TIME(PS) =      13.000  TEMP(K) =   305.47  PRESS =  -355.1
 Etot   =      4463.6597  EKtot   =      2045.9610  EPtot      =      2417.6987
 BOND   =       267.3562  ANGLE   =      1153.7015  DIHED      =       419.0798
 1-4 NB =       256.6519  1-4 EEL =      -242.9400  VDWAALS    =      -195.7331
 EELEC  =       163.7977  EHBOND  =         0.0000  RESTRAINT  =       595.7846
 EAMBER (non-restraint)  =      1821.9140
 EKCMT  =        81.5936  VIRIAL  =       661.8460  VOLUME     =     75687.2716
                                                    Density    =         0.3057
 Ewald error estimate:   0.6106E-02
 ------------------------------------------------------------------------------


 NSTEP =     3000   TIME(PS) =      16.000  TEMP(K) =   299.95  PRESS =  -546.4
 Etot   =      4403.6829  EKtot   =      2009.0030  EPtot      =      2394.6800
 BOND   =       258.7417  ANGLE   =      1173.6531  DIHED      =       420.5465
 1-4 NB =       253.5579  1-4 EEL =      -246.4523  VDWAALS    =      -267.2281
 EELEC  =       159.6209  EHBOND  =         0.0000  RESTRAINT  =       642.2403
 EAMBER (non-restraint)  =      1752.4397
 EKCMT  =        73.8717  VIRIAL  =       868.0499  VOLUME     =     67320.7746
                                                    Density    =         0.3437
 Ewald error estimate:   0.1269E-01
 ------------------------------------------------------------------------------


 NSTEP =     4500   TIME(PS) =      19.000  TEMP(K) =   304.06  PRESS =  -762.8
 Etot   =      4279.7897  EKtot   =      2036.5708  EPtot      =      2243.2188
 BOND   =       257.4185  ANGLE   =      1147.3366  DIHED      =       417.1301
 1-4 NB =       261.3028  1-4 EEL =      -245.4556  VDWAALS    =      -373.4884
 EELEC  =       156.9678  EHBOND  =         0.0000  RESTRAINT  =       622.0069
 EAMBER (non-restraint)  =      1621.2120
 EKCMT  =        86.8516  VIRIAL  =      1012.3126  VOLUME     =     56188.0225
                                                    Density    =         0.4118
 Ewald error estimate:   0.7499E-02
 ------------------------------------------------------------------------------


 NSTEP =     6000   TIME(PS) =      22.000  TEMP(K) =   288.52  PRESS =  -387.4
 Etot   =      4187.9565  EKtot   =      1932.4755  EPtot      =      2255.4810
 BOND   =       242.4461  ANGLE   =      1222.0522  DIHED      =       418.0372
 1-4 NB =       276.4778  1-4 EEL =      -241.0561  VDWAALS    =      -480.4694
 EELEC  =       151.1881  EHBOND  =         0.0000  RESTRAINT  =       666.8051
 EAMBER (non-restraint)  =      1588.6759
 EKCMT  =        56.2959  VIRIAL  =       453.7038  VOLUME     =     47505.8525
                                                    Density    =         0.4871
 Ewald error estimate:   0.9909E-03
 ------------------------------------------------------------------------------


 NSTEP =     7500   TIME(PS) =      25.000  TEMP(K) =   295.89  PRESS =   -34.1
 Etot   =      4176.6373  EKtot   =      1981.7912  EPtot      =      2194.8461
 BOND   =       266.2413  ANGLE   =      1181.9915  DIHED      =       423.4752
 1-4 NB =       269.6355  1-4 EEL =      -238.4468  VDWAALS    =      -502.1466
 EELEC  =       144.6543  EHBOND  =         0.0000  RESTRAINT  =       649.4417
 EAMBER (non-restraint)  =      1545.4044
 EKCMT  =        73.5062  VIRIAL  =       107.2382  VOLUME     =     45786.8058
                                                    Density    =         0.5053
 Ewald error estimate:   0.3543E-02
 ------------------------------------------------------------------------------


 NSTEP =     9000   TIME(PS) =      28.000  TEMP(K) =   300.35  PRESS =   -73.2
 Etot   =      4172.8360  EKtot   =      2011.7215  EPtot      =      2161.1146
 BOND   =       255.0215  ANGLE   =      1156.2698  DIHED      =       426.4657
 1-4 NB =       268.5285  1-4 EEL =      -239.0739  VDWAALS    =      -502.3197
 EELEC  =       146.3634  EHBOND  =         0.0000  RESTRAINT  =       649.8593
 EAMBER (non-restraint)  =      1511.2552
 EKCMT  =        72.8769  VIRIAL  =       145.0365  VOLUME     =     45644.8186
                                                    Density    =         0.5069
 Ewald error estimate:   0.3542E-02
 ------------------------------------------------------------------------------


 NSTEP =    10500   TIME(PS) =      31.000  TEMP(K) =   299.07  PRESS =    33.6
 Etot   =      4171.5112  EKtot   =      2003.1182  EPtot      =      2168.3931
 BOND   =       264.3125  ANGLE   =      1155.9744  DIHED      =       423.7792
 1-4 NB =       263.5919  1-4 EEL =      -239.4526  VDWAALS    =      -507.8057
 EELEC  =       144.6985  EHBOND  =         0.0000  RESTRAINT  =       663.2948
 EAMBER (non-restraint)  =      1505.0983
 EKCMT  =        97.4285  VIRIAL  =        64.2833  VOLUME     =     45623.4494
                                                    Density    =         0.5072
 Ewald error estimate:   0.3513E-02
 ------------------------------------------------------------------------------


 NSTEP =    12000   TIME(PS) =      34.000  TEMP(K) =   303.44  PRESS =  -119.6
 Etot   =      4171.9841  EKtot   =      2032.3925  EPtot      =      2139.5916
 BOND   =       258.8927  ANGLE   =      1154.3653  DIHED      =       425.6830
 1-4 NB =       267.7719  1-4 EEL =      -240.0083  VDWAALS    =      -518.0826
 EELEC  =       146.9525  EHBOND  =         0.0000  RESTRAINT  =       644.0172
 EAMBER (non-restraint)  =      1495.5744
 EKCMT  =        85.3326  VIRIAL  =       203.1982  VOLUME     =     45649.4650
                                                    Density    =         0.5069
 Ewald error estimate:   0.3828E-02
 ------------------------------------------------------------------------------


 NSTEP =    13500   TIME(PS) =      37.000  TEMP(K) =   296.14  PRESS =  -133.7
 Etot   =      4171.8852  EKtot   =      1983.4945  EPtot      =      2188.3907
 BOND   =       246.4044  ANGLE   =      1185.9790  DIHED      =       426.6057
 1-4 NB =       277.3794  1-4 EEL =      -240.5127  VDWAALS    =      -509.0827
 EELEC  =       146.1772  EHBOND  =         0.0000  RESTRAINT  =       655.4405
 EAMBER (non-restraint)  =      1532.9503
 EKCMT  =        76.0682  VIRIAL  =       207.8313  VOLUME     =     45638.4088
                                                    Density    =         0.5070
 Ewald error estimate:   0.3187E-02
 ------------------------------------------------------------------------------


 NSTEP =    15000   TIME(PS) =      40.000  TEMP(K) =   298.66  PRESS =   -46.9
 Etot   =      4171.5327  EKtot   =      2000.3605  EPtot      =      2171.1722
 BOND   =       269.6664  ANGLE   =      1177.9690  DIHED      =       419.5352
 1-4 NB =       266.7415  1-4 EEL =      -241.1861  VDWAALS    =      -516.3084
 EELEC  =       145.1400  EHBOND  =         0.0000  RESTRAINT  =       649.6147
 EAMBER (non-restraint)  =      1521.5576
 EKCMT  =        86.7362  VIRIAL  =       132.9784  VOLUME     =     45636.0121
                                                    Density    =         0.5070
 Ewald error estimate:   0.3849E-02
 ------------------------------------------------------------------------------


      A V E R A G E S   O V E R   15000 S T E P S


 NSTEP =    15000   TIME(PS) =      40.000  TEMP(K) =   297.73  PRESS =  -218.0
 Etot   =      4253.5325  EKtot   =      1994.1544  EPtot      =      2259.3781
 BOND   =       258.1944  ANGLE   =      1183.1666  DIHED      =       421.4425
 1-4 NB =       265.4628  1-4 EEL =      -241.2710  VDWAALS    =      -418.6582
 EELEC  =       151.1528  EHBOND  =         0.0000  RESTRAINT  =       639.8882
 EAMBER (non-restraint)  =      1619.4899
 EKCMT  =        82.6833  VIRIAL  =       375.0261  VOLUME     =     53838.7908
                                                    Density    =         0.4478
 Ewald error estimate:   0.5510E-02
 ------------------------------------------------------------------------------


      R M S  F L U C T U A T I O N S


 NSTEP =    15000   TIME(PS) =      40.000  TEMP(K) =     5.15  PRESS =   275.7
 Etot   =       115.9983  EKtot   =        34.5135  EPtot      =       123.4982
 BOND   =        11.7224  ANGLE   =        21.1255  DIHED      =         3.8044
 1-4 NB =         7.5195  1-4 EEL =         3.6545  VDWAALS    =       123.9003
 EELEC  =         6.3395  EHBOND  =         0.0000  RESTRAINT  =        26.6340
 EAMBER (non-restraint)  =        96.8642
 EKCMT  =        12.9681  VIRIAL  =       356.2999  VOLUME     =     12009.1858
                                                    Density    =         0.0813
 Ewald error estimate:   0.4652E-02
 ------------------------------------------------------------------------------


--------------------------------------------------------------------------------
   5.  TIMINGS
--------------------------------------------------------------------------------

|                Build the list             1.39 (89.86% of List )
|                Other                      0.16 (10.14% of List )
|             List time                  1.55 ( 0.58% of Nonbo)
|                   Short_ene time           150.46 (98.89% of Direc)
|                   Other                      1.69 ( 1.11% of Direc)
|                Direct Ewald time        152.15 (57.07% of Ewald)
|                Adjust Ewald time          8.30 ( 3.11% of Ewald)
|                   Fill Bspline coeffs        2.40 ( 2.35% of Recip)
|                   Fill charge grid           6.78 ( 6.65% of Recip)
|                   Scalar sum                29.01 (28.46% of Recip)
|                   Grad sum                  13.14 (12.89% of Recip)
|                   FFT time                  50.60 (49.64% of Recip)
|                   Other                      0.01 ( 0.01% of Recip)
|                Recip Ewald time         101.92 (38.23% of Ewald)
|                Force Adjust               0.06 ( 0.02% of Ewald)
|                Virial junk                0.16 ( 0.06% of Ewald)
|                Other                      3.98 ( 1.49% of Ewald)
|             Ewald time               266.59 (99.42% of Nonbo)
|          Nonbond force            268.14 (87.36% of Force)
|          Bond/Angle/Dihedral       38.43 (12.52% of Force)
|          Other                      0.37 ( 0.12% of Force)
|       Force time               306.94 (98.66% of Runmd)
|       Shake time                 2.15 ( 0.69% of Runmd)
|       Verlet update time         1.67 ( 0.54% of Runmd)
|       Ekcmr time                 0.18 ( 0.06% of Runmd)
|       Other                      0.16 ( 0.05% of Runmd)
|    Runmd Time               311.11 (100.0% of Total)
|    Other                      0.06 ( 0.02% of Total)
| Total time               311.18 (100.0% of ALL  )

| Number of list builds   :        120

| Highest rstack allocated:     272049
| Highest istack allocated:       2889

| Final Performance Info:
| -----------------------------------------------------
| Average timings for all steps:
|     Elapsed(s) =     311.11 Per Step(ms) =      20.74
|         ns/day =       8.33   seconds/ns =   10370.38
| -----------------------------------------------------

|           Job began  at 10:59:31.818  on 10/31/2017
|           Setup done at 10:59:31.888  on 10/31/2017
|           Run   done at 11:04:43.000  on 10/31/2017
|     wallclock() was called  690263 times
