
          -------------------------------------------------------
          Amber 16 SANDER                              2016
          -------------------------------------------------------

| Run on 10/31/2017 at 10:56:09

|   Executable path: sander
| Working directory: /home/haofan/Simulation/octanol/octanol_density/equilibration
|          Hostname: Unknown
  [-O]verwriting output

File Assignments:
|  MDIN: md00002.in                                                            
| MDOUT: md00002.out                                                           
|INPCRD: min00001.rst7                                                         
|  PARM: ../solvated.parm7                                                     
|RESTRT: md00002.rst7                                                          
|  REFC: ../solvated.rst7                                                      
| MDVEL: mdvel                                                                 
| MDFRC: mdfrc                                                                 
|  MDEN: md00002.en                                                            
| MDCRD: md00002.nc                                                            
|MDINFO: md00002.info                                                          
|  MTMD: mtmd                                                                  
|INPDIP: inpdip                                                                
|RSTDIP: rstdip                                                                
|INPTRA: inptraj                                                               


 Here is the input file:

heat the system                                                                
&cntrl                                                                         
ntxo=1,                                                                        
imin = 0, nstlim = 1000, irest = 0, ntx = 1, dt = 0.002,                       
nmropt = 1,                                                                    
ntt = 1, temp0 = 300.0, tempi = 5.0, tautp = 1.0,                              
ntb = 1, pres0 = 1.0,                                                          
ntc = 2, ntf = 2,                                                              
ioutfm = 1, iwrap = 1,                                                         
ntwe = 200, ntwx = 200, ntpr = 100,                                            
ntr = 1, restraint_wt = 10.00,                                                 
restraintmask="!:WAT,HOH,T3P,T4P",                                             
/                                                                              
                                                                               
&wt                                                                            
type = 'TEMP0',                                                                
istep1 = 0, istep2 = 1000,                                                     
value1 = 5.0, value2 = 300.0                                                   
/                                                                              
                                                                               
&wt type = 'END'                                                               
 /                                                                             
                                                                               

--------------------------------------------------------------------------------
   1.  RESOURCE   USE: 
--------------------------------------------------------------------------------

| Flags:                                                                        
 getting new box info from bottom of inpcrd
|  INFO: Old style inpcrd file read

| peek_ewald_inpcrd: Box info found
|Largest sphere to fit in unit cell has radius =    16.803
| New format PARM file being parsed.
| Version =    1.000 Date = 10/31/17 Time = 10:49:43
 NATOM  =    2889 NTYPES =       5 NBONH =    1926 MBONA  =     856
 NTHETH =    4494 MTHETA =     749 NPHIH =    6741 MPHIA  =    1712
 NHPARM =       0 NPARM  =       0 NNB   =   15194 NRES   =     107
 NBONA  =     856 NTHETA =     749 NPHIA =    1712 NUMBND =       5
 NUMANG =       8 NPTRA  =       9 NATYP =       5 NPHB   =       0
 IFBOX  =       1 NMXRS  =      27 IFCAP =       0 NEXTRA =       0
 NCOPY  =       0


|     Memory Use     Allocated
|     Real              289207
|     Hollerith           8776
|     Integer           518909
|     Max Pairs         963000
|     nblistReal         34668
|     nblist Int        293593
|       Total             9500 kbytes

| Note: 1-4 EEL scale factors are being read from the topology file.

| Note: 1-4 VDW scale factors are being read from the topology file.
| Duplicated    0 dihedrals
| Duplicated    0 dihedrals

     BOX TYPE: RECTILINEAR

--------------------------------------------------------------------------------
   2.  CONTROL  DATA  FOR  THE  RUN
--------------------------------------------------------------------------------

OCT                                                                             

General flags:
     imin    =       0, nmropt  =       1

Nature and format of input:
     ntx     =       1, irest   =       0, ntrx    =       1

Nature and format of output:
     ntxo    =       1, ntpr    =     100, ntrx    =       1, ntwr    =    1000
     iwrap   =       1, ntwx    =     200, ntwv    =       0, ntwe    =     200
     ioutfm  =       1, ntwprt  =       0, idecomp =       0, rbornstat=      0

Potential function:
     ntf     =       2, ntb     =       1, igb     =       0, nsnb    =      25
     ipol    =       0, gbsa    =       0, iesp    =       0
     dielc   =   1.00000, cut     =   8.00000, intdiel =   1.00000

Frozen or restrained atoms:
     ibelly  =       0, ntr     =       1
     restraint_wt =  10.00000

Molecular dynamics:
     nstlim  =      1000, nscm    =         0, nrespa  =         1
     t       =   0.00000, dt      =   0.00200, vlimit  =  20.00000

Berendsen (weak-coupling) temperature regulation:
     temp0   = 300.00000, tempi   =   5.00000, tautp   =   1.00000

SHAKE:
     ntc     =       2, jfastw  =       0
     tol     =   0.00001

NMR refinement options:
     iscale  =       0, noeskp  =       1, ipnlty  =       1, mxsub   =       1
     scalm   = 100.00000, pencut  =   0.10000, tausw   =   0.10000

Ewald parameters:
     verbose =       0, ew_type =       0, nbflag  =       1, use_pme =       1
     vdwmeth =       1, eedmeth =       1, netfrc  =       1
     Box X =   49.992   Box Y =   33.606   Box Z =   48.816
     Alpha =   90.000   Beta  =   90.000   Gamma =   90.000
     NFFT1 =   50       NFFT2 =   36       NFFT3 =   48
     Cutoff=    8.000   Tol   =0.100E-04
     Ewald Coefficient =  0.34864
     Interpolation order =    4

    LOADING THE CONSTRAINED ATOMS AS GROUPS


   5.  REFERENCE ATOM COORDINATES

  OCT 
     Mask !:WAT,HOH,T3P,T4P; matches  2889 atoms

--------------------------------------------------------------------------------
   3.  ATOMIC COORDINATES AND VELOCITIES
--------------------------------------------------------------------------------

OCT                                                                             
 begin time read from input coords =     0.000 ps



           Begin reading energy term weight changes/NMR restraints
 WEIGHT CHANGES:
 TEMP0         0   1000    5.000000  300.000000      0      0

 RESTRAINTS:
                          ** No restraint defined **

                  Done reading weight changes/NMR restraints


 Number of triangulated 3-point waters found:        0

     Sum of charges from parm topology file =  -0.10699977
     Assuming uniform neutralizing plasma

--------------------------------------------------------------------------------
   4.  RESULTS
--------------------------------------------------------------------------------

|  # of SOLUTE  degrees of freedom (RNDFP):    6741.
|  # of SOLVENT degrees of freedom (RNDFS):       0.
|  NDFMIN =    6741.     NUM_NOSHAKE =      0     CORRECTED RNDFP =    6741.
|  TOTAL # of degrees of freedom (RNDF) =    6741.
 ---------------------------------------------------
 APPROXIMATING switch and d/dx switch using CUBIC SPLINE INTERPOLATION
 using   5000.0 points per unit in tabled values
 TESTING RELATIVE ERROR over r ranging from 0.0 to cutoff
| CHECK switch(x): max rel err =   0.2738E-14   at   2.422500
| CHECK d/dx switch(x): max rel err =   0.8332E-11   at   2.782960
 ---------------------------------------------------
| Local SIZE OF NONBOND LIST =     199330
| TOTAL SIZE OF NONBOND LIST =     199330

 NSTEP =        0   TIME(PS) =       0.000  TEMP(K) =     6.49  PRESS =     0.0
 Etot   =       468.0554  EKtot   =        43.4617  EPtot      =       424.5937
 BOND   =        13.2896  ANGLE   =        96.2657  DIHED      =       360.7164
 1-4 NB =       219.1173  1-4 EEL =      -244.4502  VDWAALS    =      -194.4171
 EELEC  =       159.3862  EHBOND  =         0.0000  RESTRAINT  =        14.6857
 EAMBER (non-restraint)  =       409.9081
 Ewald error estimate:   0.2394E-01
 ------------------------------------------------------------------------------

 NMR restraints: Bond =    0.000   Angle =     0.000   Torsion =     0.000
===============================================================================

 NSTEP =      100   TIME(PS) =       0.200  TEMP(K) =     3.36  PRESS =     0.0
 Etot   =       469.6132  EKtot   =        22.5241  EPtot      =       447.0891
 BOND   =        15.6225  ANGLE   =       107.3364  DIHED      =       361.1942
 1-4 NB =       220.1568  1-4 EEL =      -244.7905  VDWAALS    =      -194.0985
 EELEC  =       159.6331  EHBOND  =         0.0000  RESTRAINT  =        22.0351
 EAMBER (non-restraint)  =       425.0540
 Ewald error estimate:   0.2392E-01
 ------------------------------------------------------------------------------

 NMR restraints: Bond =    0.000   Angle =     0.000   Torsion =     0.000
===============================================================================

 NSTEP =      200   TIME(PS) =       0.400  TEMP(K) =     6.13  PRESS =     0.0
 Etot   =       506.7594  EKtot   =        41.0597  EPtot      =       465.6998
 BOND   =        18.3919  ANGLE   =       119.1628  DIHED      =       361.5535
 1-4 NB =       220.0382  1-4 EEL =      -244.3807  VDWAALS    =      -193.8298
 EELEC  =       159.6103  EHBOND  =         0.0000  RESTRAINT  =        25.1536
 EAMBER (non-restraint)  =       440.5462
 Ewald error estimate:   0.2389E-01
 ------------------------------------------------------------------------------

 NMR restraints: Bond =    0.000   Angle =     0.000   Torsion =     0.000
===============================================================================

 NSTEP =      300   TIME(PS) =       0.600  TEMP(K) =    12.35  PRESS =     0.0
 Etot   =       591.2767  EKtot   =        82.7503  EPtot      =       508.5264
 BOND   =        23.5902  ANGLE   =       139.8940  DIHED      =       364.0321
 1-4 NB =       220.9544  1-4 EEL =      -243.7984  VDWAALS    =      -193.0485
 EELEC  =       159.8326  EHBOND  =         0.0000  RESTRAINT  =        37.0698
 EAMBER (non-restraint)  =       471.4566
 Ewald error estimate:   0.2413E-01
 ------------------------------------------------------------------------------

 NMR restraints: Bond =    0.000   Angle =     0.000   Torsion =     0.000
===============================================================================

 NSTEP =      400   TIME(PS) =       0.800  TEMP(K) =    22.10  PRESS =     0.0
 Etot   =       710.9172  EKtot   =       148.0397  EPtot      =       562.8776
 BOND   =        28.9653  ANGLE   =       172.3124  DIHED      =       364.7443
 1-4 NB =       223.0213  1-4 EEL =      -243.4430  VDWAALS    =      -191.2667
 EELEC  =       158.7477  EHBOND  =         0.0000  RESTRAINT  =        49.7963
 EAMBER (non-restraint)  =       513.0812
 Ewald error estimate:   0.2411E-01
 ------------------------------------------------------------------------------

 NMR restraints: Bond =    0.000   Angle =     0.000   Torsion =     0.000
===============================================================================

 NSTEP =      500   TIME(PS) =       1.000  TEMP(K) =    33.51  PRESS =     0.0
 Etot   =       856.8076  EKtot   =       224.4119  EPtot      =       632.3957
 BOND   =        30.2595  ANGLE   =       206.5731  DIHED      =       365.3859
 1-4 NB =       223.9241  1-4 EEL =      -243.7804  VDWAALS    =      -191.1291
 EELEC  =       159.5576  EHBOND  =         0.0000  RESTRAINT  =        81.6051
 EAMBER (non-restraint)  =       550.7906
 Ewald error estimate:   0.2450E-01
 ------------------------------------------------------------------------------

 NMR restraints: Bond =    0.000   Angle =     0.000   Torsion =     0.000
===============================================================================

 NSTEP =      600   TIME(PS) =       1.200  TEMP(K) =    40.39  PRESS =     0.0
 Etot   =      1028.3191  EKtot   =       270.5257  EPtot      =       757.7934
 BOND   =        47.9307  ANGLE   =       271.4663  DIHED      =       370.7213
 1-4 NB =       226.9824  1-4 EEL =      -244.0281  VDWAALS    =      -184.3511
 EELEC  =       159.6175  EHBOND  =         0.0000  RESTRAINT  =       109.4542
 EAMBER (non-restraint)  =       648.3391
 Ewald error estimate:   0.2507E-01
 ------------------------------------------------------------------------------

 NMR restraints: Bond =    0.000   Angle =     0.000   Torsion =     0.000
===============================================================================

 NSTEP =      700   TIME(PS) =       1.400  TEMP(K) =    58.92  PRESS =     0.0
 Etot   =      1218.9700  EKtot   =       394.6313  EPtot      =       824.3387
 BOND   =        56.4744  ANGLE   =       322.7888  DIHED      =       372.7077
 1-4 NB =       228.1215  1-4 EEL =      -243.0088  VDWAALS    =      -189.0183
 EELEC  =       159.6355  EHBOND  =         0.0000  RESTRAINT  =       116.6379
 EAMBER (non-restraint)  =       707.7008
 Ewald error estimate:   0.2455E-01
 ------------------------------------------------------------------------------

 NMR restraints: Bond =    0.000   Angle =     0.000   Torsion =     0.000
===============================================================================

 NSTEP =      800   TIME(PS) =       1.600  TEMP(K) =    72.18  PRESS =     0.0
 Etot   =      1428.1243  EKtot   =       483.4618  EPtot      =       944.6625
 BOND   =        76.1826  ANGLE   =       361.6975  DIHED      =       373.0557
 1-4 NB =       226.6988  1-4 EEL =      -243.1739  VDWAALS    =      -186.7899
 EELEC  =       159.3849  EHBOND  =         0.0000  RESTRAINT  =       177.6069
 EAMBER (non-restraint)  =       767.0556
 Ewald error estimate:   0.2475E-01
 ------------------------------------------------------------------------------

 NMR restraints: Bond =    0.000   Angle =     0.000   Torsion =     0.000
===============================================================================

 NSTEP =      900   TIME(PS) =       1.800  TEMP(K) =    81.90  PRESS =     0.0
 Etot   =      1658.6449  EKtot   =       548.5524  EPtot      =      1110.0925
 BOND   =        86.2574  ANGLE   =       443.9601  DIHED      =       377.1809
 1-4 NB =       235.6791  1-4 EEL =      -242.9855  VDWAALS    =      -180.5100
 EELEC  =       159.3050  EHBOND  =         0.0000  RESTRAINT  =       231.2055
 EAMBER (non-restraint)  =       878.8870
 Ewald error estimate:   0.2486E-01
 ------------------------------------------------------------------------------

 NMR restraints: Bond =    0.000   Angle =     0.000   Torsion =     0.000
===============================================================================

 NSTEP =     1000   TIME(PS) =       2.000  TEMP(K) =   104.67  PRESS =     0.0
 Etot   =      1897.6012  EKtot   =       701.0800  EPtot      =      1196.5212
 BOND   =        91.5794  ANGLE   =       486.6144  DIHED      =       385.3872
 1-4 NB =       235.5989  1-4 EEL =      -244.5239  VDWAALS    =      -182.0113
 EELEC  =       161.0977  EHBOND  =         0.0000  RESTRAINT  =       262.7789
 EAMBER (non-restraint)  =       933.7423
 Ewald error estimate:   0.2440E-01
 ------------------------------------------------------------------------------

 NMR restraints: Bond =    0.000   Angle =     0.000   Torsion =     0.000
===============================================================================

      A V E R A G E S   O V E R    1000 S T E P S


 NSTEP =     1000   TIME(PS) =       2.000  TEMP(K) =    39.27  PRESS =     0.0
 Etot   =       963.0702  EKtot   =       263.0570  EPtot      =       700.0132
 BOND   =        44.9432  ANGLE   =       239.7722  DIHED      =       368.5709
 1-4 NB =       224.3381  1-4 EEL =      -244.3099  VDWAALS    =      -190.4079
 EELEC  =       159.7624  EHBOND  =         0.0000  RESTRAINT  =        97.3442
 EAMBER (non-restraint)  =       602.6690
 Ewald error estimate:   0.2436E-01
 ------------------------------------------------------------------------------

 NMR restraints: Bond =    0.000   Angle =     0.000   Torsion =     0.000
===============================================================================

      R M S  F L U C T U A T I O N S


 NSTEP =     1000   TIME(PS) =       2.000  TEMP(K) =    32.53  PRESS =     0.0
 Etot   =       442.7858  EKtot   =       217.8726  EPtot      =       228.3379
 BOND   =        26.6199  ANGLE   =       119.5525  DIHED      =         6.5742
 1-4 NB =         4.3694  1-4 EEL =         1.0012  VDWAALS    =         3.9881
 EELEC  =         0.7864  EHBOND  =         0.0000  RESTRAINT  =        69.2038
 EAMBER (non-restraint)  =       159.1341
 Ewald error estimate:   0.3788E-03
 ------------------------------------------------------------------------------


 NMR restraints on final step:


--------------------------------------------------------------------------------
   5.  TIMINGS
--------------------------------------------------------------------------------

|    Read coords time           0.00 ( 0.03% of Total)
|                Build the list             0.01 (30.74% of List )
|                Other                      0.02 (69.26% of List )
|             List time                  0.03 ( 0.26% of Nonbo)
|                   Short_ene time             5.57 (98.09% of Direc)
|                   Other                      0.11 ( 1.91% of Direc)
|                Direct Ewald time          5.68 (43.34% of Ewald)
|                Adjust Ewald time          0.53 ( 4.03% of Ewald)
|                   Fill Bspline coeffs        0.16 ( 2.38% of Recip)
|                   Fill charge grid           0.44 ( 6.61% of Recip)
|                   Scalar sum                 1.89 (28.51% of Recip)
|                   Grad sum                   0.85 (12.88% of Recip)
|                   FFT time                   3.29 (49.60% of Recip)
|                   Other                      0.00 ( 0.01% of Recip)
|                Recip Ewald time           6.62 (50.55% of Ewald)
|                Force Adjust               0.00 ( 0.03% of Ewald)
|                Virial junk                0.01 ( 0.08% of Ewald)
|                Other                      0.26 ( 1.98% of Ewald)
|             Ewald time                13.11 (99.73% of Nonbo)
|          Nonbond force             13.14 (84.42% of Force)
|          Bond/Angle/Dihedral        2.40 (15.42% of Force)
|          Other                      0.03 ( 0.17% of Force)
|       Force time                15.57 (98.59% of Runmd)
|       Shake time                 0.12 ( 0.77% of Runmd)
|       Verlet update time         0.09 ( 0.60% of Runmd)
|       Other                      0.01 ( 0.03% of Runmd)
|    Runmd Time                15.79 (99.66% of Total)
|    Other                      0.05 ( 0.31% of Total)
| Total time                15.84 (100.0% of ALL  )

| Number of list builds   :          1

| Highest rstack allocated:     272049
| Highest istack allocated:       2889

| Final Performance Info:
| -----------------------------------------------------
| Average timings for all steps:
|     Elapsed(s) =      15.79 Per Step(ms) =      15.79
|         ns/day =      10.94   seconds/ns =    7894.15
| -----------------------------------------------------

|           Job began  at 10:56:09.319  on 10/31/2017
|           Setup done at 10:56:09.373  on 10/31/2017
|           Run   done at 10:56:25.161  on 10/31/2017
|     wallclock() was called   44063 times
