
          -------------------------------------------------------
          Amber 16 SANDER                              2016
          -------------------------------------------------------

| Run on 10/31/2017 at 12:34:39

|   Executable path: sander
| Working directory: /home/haofan/Simulation/octanol/octanol_square_box/equilibration
|          Hostname: Unknown
  [-O]verwriting output

File Assignments:
|  MDIN: md00004.in                                                            
| MDOUT: md00004.out                                                           
|INPCRD: md00003.rst7                                                          
|  PARM: octanol.prmtop                                                        
|RESTRT: md00004.rst7                                                          
|  REFC: octanol.rst7                                                          
| MDVEL: mdvel                                                                 
| MDFRC: mdfrc                                                                 
|  MDEN: md00004.en                                                            
| MDCRD: md00004.nc                                                            
|MDINFO: md00004.info                                                          
|  MTMD: mtmd                                                                  
|INPDIP: inpdip                                                                
|RSTDIP: rstdip                                                                
|INPTRA: inptraj                                                               


 Here is the input file:

md with sander                                                                 
&cntrl                                                                         
ntxo=1,                                                                        
imin = 0, nstlim = 15000, irest = 1, ntx = 5, dt = 0.002,                      
ntt = 1, temp0 = 298.0, tautp = 1.0,                                           
ntp = 1, pres0 = 1.0, taup = 0.5,                                              
ntb = 2,                                                                       
ntc = 2, ntf = 2,                                                              
ioutfm = 1, iwrap = 1,                                                         
ntwe = 3000, ntwx = 3000, ntpr = 1500,                                         
ntr = 1, restraint_wt = 10.00,                                                 
restraintmask="!:OCT",                                                         
/                                                                              
                                                                               

--------------------------------------------------------------------------------
   1.  RESOURCE   USE: 
--------------------------------------------------------------------------------

| Flags:                                                                        
 getting new box info from bottom of inpcrd
|  INFO: Old style inpcrd file read

| peek_ewald_inpcrd: Box info found
|Largest sphere to fit in unit cell has radius =    22.404
| New format PARM file being parsed.
| Version =    1.000 Date = 10/31/17 Time = 12:28:00
 NATOM  =    3861 NTYPES =       5 NBONH =    2574 MBONA  =    1144
 NTHETH =    6006 MTHETA =    1001 NPHIH =    9009 MPHIA  =    2288
 NHPARM =       0 NPARM  =       0 NNB   =   20306 NRES   =     143
 NBONA  =    1144 NTHETA =    1001 NPHIA =    2288 NUMBND =       5
 NUMANG =       8 NPTRA  =       9 NATYP =       5 NPHB   =       0
 IFBOX  =       1 NMXRS  =      27 IFCAP =       0 NEXTRA =       0
 NCOPY  =       0


|     Memory Use     Allocated
|     Real              357047
|     Hollerith          11728
|     Integer           686696
|     Max Pairs        1287000
|     nblistReal         46332
|     nblist Int        385567
|       Total            12413 kbytes

| Note: 1-4 EEL scale factors are being read from the topology file.

| Note: 1-4 VDW scale factors are being read from the topology file.
| Duplicated    0 dihedrals
| Duplicated    0 dihedrals

     BOX TYPE: RECTILINEAR

--------------------------------------------------------------------------------
   2.  CONTROL  DATA  FOR  THE  RUN
--------------------------------------------------------------------------------

OCT                                                                             

General flags:
     imin    =       0, nmropt  =       0

Nature and format of input:
     ntx     =       5, irest   =       1, ntrx    =       1

Nature and format of output:
     ntxo    =       1, ntpr    =    1500, ntrx    =       1, ntwr    =   15000
     iwrap   =       1, ntwx    =    3000, ntwv    =       0, ntwe    =    3000
     ioutfm  =       1, ntwprt  =       0, idecomp =       0, rbornstat=      0

Potential function:
     ntf     =       2, ntb     =       2, igb     =       0, nsnb    =      25
     ipol    =       0, gbsa    =       0, iesp    =       0
     dielc   =   1.00000, cut     =   8.00000, intdiel =   1.00000

Frozen or restrained atoms:
     ibelly  =       0, ntr     =       1
     restraint_wt =  10.00000

Molecular dynamics:
     nstlim  =     15000, nscm    =         0, nrespa  =         1
     t       =   0.00000, dt      =   0.00200, vlimit  =  20.00000

Berendsen (weak-coupling) temperature regulation:
     temp0   = 298.00000, tempi   =   0.00000, tautp   =   1.00000

Pressure regulation:
     ntp     =       1
     pres0   =   1.00000, comp    =  44.60000, taup    =   0.50000

SHAKE:
     ntc     =       2, jfastw  =       0
     tol     =   0.00001

Ewald parameters:
     verbose =       0, ew_type =       0, nbflag  =       1, use_pme =       1
     vdwmeth =       1, eedmeth =       1, netfrc  =       1
     Box X =   49.992   Box Y =   44.808   Box Z =   48.816
     Alpha =   90.000   Beta  =   90.000   Gamma =   90.000
     NFFT1 =   50       NFFT2 =   45       NFFT3 =   48
     Cutoff=    8.000   Tol   =0.100E-04
     Ewald Coefficient =  0.34864
     Interpolation order =    4

    LOADING THE CONSTRAINED ATOMS AS GROUPS


   5.  REFERENCE ATOM COORDINATES

  OCT 
     Mask !:OCT; matches    27 atoms

--------------------------------------------------------------------------------
   3.  ATOMIC COORDINATES AND VELOCITIES
--------------------------------------------------------------------------------

OCT                                                                             
 begin time read from input coords =    10.000 ps

 Number of triangulated 3-point waters found:        0

     Sum of charges from parm topology file =  -0.14299969
     Assuming uniform neutralizing plasma

--------------------------------------------------------------------------------
   4.  RESULTS
--------------------------------------------------------------------------------

|  # of SOLUTE  degrees of freedom (RNDFP):    9009.
|  # of SOLVENT degrees of freedom (RNDFS):       0.
|  NDFMIN =    9009.     NUM_NOSHAKE =      0     CORRECTED RNDFP =    9009.
|  TOTAL # of degrees of freedom (RNDF) =    9009.
 ---------------------------------------------------
 APPROXIMATING switch and d/dx switch using CUBIC SPLINE INTERPOLATION
 using   5000.0 points per unit in tabled values
 TESTING RELATIVE ERROR over r ranging from 0.0 to cutoff
| CHECK switch(x): max rel err =   0.2738E-14   at   2.422500
| CHECK d/dx switch(x): max rel err =   0.8332E-11   at   2.782960
 ---------------------------------------------------
| Local SIZE OF NONBOND LIST =     291571
| TOTAL SIZE OF NONBOND LIST =     291571

 NSTEP =     1500   TIME(PS) =      13.000  TEMP(K) =   292.53  PRESS =   -19.2
 Etot   =      5135.4948  EKtot   =      2618.5093  EPtot      =      2516.9854
 BOND   =       337.2481  ANGLE   =      1560.7695  DIHED      =       944.9174
 1-4 NB =       381.2292  1-4 EEL =      -414.0813  VDWAALS    =      -586.3520
 EELEC  =       287.2489  EHBOND  =         0.0000  RESTRAINT  =         6.0057
 EAMBER (non-restraint)  =      2510.9797
 EKCMT  =       210.8706  VIRIAL  =       255.6469  VOLUME     =    108114.3869
                                                    Density    =         0.2860
 Ewald error estimate:   0.1014E-03
 ------------------------------------------------------------------------------


 NSTEP =     3000   TIME(PS) =      16.000  TEMP(K) =   299.73  PRESS =    37.4
 Etot   =      5123.2267  EKtot   =      2683.0026  EPtot      =      2440.2241
 BOND   =       353.4599  ANGLE   =      1631.0106  DIHED      =       916.1717
 1-4 NB =       378.7575  1-4 EEL =      -439.5910  VDWAALS    =      -653.3023
 EELEC  =       249.5693  EHBOND  =         0.0000  RESTRAINT  =         4.1485
 EAMBER (non-restraint)  =      2436.0757
 EKCMT  =       187.5506  VIRIAL  =       102.3860  VOLUME     =    105542.1935
                                                    Density    =         0.2930
 Ewald error estimate:   0.1015E-03
 ------------------------------------------------------------------------------


 NSTEP =     4500   TIME(PS) =      19.000  TEMP(K) =   307.06  PRESS =  -134.3
 Etot   =      5048.6721  EKtot   =      2748.6156  EPtot      =      2300.0565
 BOND   =       358.8175  ANGLE   =      1661.1417  DIHED      =       891.4859
 1-4 NB =       375.0835  1-4 EEL =      -422.5167  VDWAALS    =      -735.2208
 EELEC  =       166.9391  EHBOND  =         0.0000  RESTRAINT  =         4.3264
 EAMBER (non-restraint)  =      2295.7301
 EKCMT  =       182.1998  VIRIAL  =       480.9258  VOLUME     =    103055.7219
                                                    Density    =         0.3001
 Ewald error estimate:   0.2262E-03
 ------------------------------------------------------------------------------


 NSTEP =     6000   TIME(PS) =      22.000  TEMP(K) =   301.56  PRESS =   -90.1
 Etot   =      4907.5920  EKtot   =      2699.3656  EPtot      =      2208.2264
 BOND   =       369.6036  ANGLE   =      1750.4866  DIHED      =       861.6636
 1-4 NB =       371.0497  1-4 EEL =      -424.3428  VDWAALS    =      -843.9066
 EELEC  =       118.1759  EHBOND  =         0.0000  RESTRAINT  =         5.4963
 EAMBER (non-restraint)  =      2202.7301
 EKCMT  =       156.7712  VIRIAL  =       349.7841  VOLUME     =     99177.9620
                                                    Density    =         0.3118
 Ewald error estimate:   0.1341E-02
 ------------------------------------------------------------------------------


 NSTEP =     7500   TIME(PS) =      25.000  TEMP(K) =   299.23  PRESS =  -132.5
 Etot   =      4758.6139  EKtot   =      2678.5376  EPtot      =      2080.0764
 BOND   =       368.5013  ANGLE   =      1721.1302  DIHED      =       877.4716
 1-4 NB =       380.4761  1-4 EEL =      -411.1460  VDWAALS    =      -902.2491
 EELEC  =        37.9083  EHBOND  =         0.0000  RESTRAINT  =         7.9839
 EAMBER (non-restraint)  =      2072.0925
 EKCMT  =       167.2270  VIRIAL  =       441.1938  VOLUME     =     95752.2830
                                                    Density    =         0.3229
 Ewald error estimate:   0.5499E-02
 ------------------------------------------------------------------------------


 NSTEP =     9000   TIME(PS) =      28.000  TEMP(K) =   300.85  PRESS =  -203.5
 Etot   =      4656.0476  EKtot   =      2693.0320  EPtot      =      1963.0155
 BOND   =       373.8935  ANGLE   =      1712.6932  DIHED      =       852.4781
 1-4 NB =       381.1898  1-4 EEL =      -403.8791  VDWAALS    =      -939.0196
 EELEC  =       -19.3192  EHBOND  =         0.0000  RESTRAINT  =         4.9787
 EAMBER (non-restraint)  =      1958.0368
 EKCMT  =       157.8724  VIRIAL  =       558.8700  VOLUME     =     91253.6312
                                                    Density    =         0.3389
 Ewald error estimate:   0.5818E-02
 ------------------------------------------------------------------------------


 NSTEP =    10500   TIME(PS) =      31.000  TEMP(K) =   301.52  PRESS =  -303.3
 Etot   =      4590.3824  EKtot   =      2699.0141  EPtot      =      1891.3683
 BOND   =       376.2166  ANGLE   =      1765.3525  DIHED      =       829.6660
 1-4 NB =       370.6036  1-4 EEL =      -403.4326  VDWAALS    =     -1004.7995
 EELEC  =       -46.3662  EHBOND  =         0.0000  RESTRAINT  =         4.1280
 EAMBER (non-restraint)  =      1887.2404
 EKCMT  =       154.7578  VIRIAL  =       724.2199  VOLUME     =     86970.6105
                                                    Density    =         0.3556
 Ewald error estimate:   0.1797E-02
 ------------------------------------------------------------------------------


 NSTEP =    12000   TIME(PS) =      34.000  TEMP(K) =   299.47  PRESS =  -119.8
 Etot   =      4530.5304  EKtot   =      2680.6236  EPtot      =      1849.9068
 BOND   =       368.7656  ANGLE   =      1764.3089  DIHED      =       838.2432
 1-4 NB =       378.2315  1-4 EEL =      -417.9148  VDWAALS    =     -1012.0154
 EELEC  =       -75.2959  EHBOND  =         0.0000  RESTRAINT  =         5.5837
 EAMBER (non-restraint)  =      1844.3231
 EKCMT  =       141.4915  VIRIAL  =       353.4524  VOLUME     =     81962.3003
                                                    Density    =         0.3773
 Ewald error estimate:   0.1827E-02
 ------------------------------------------------------------------------------


 NSTEP =    13500   TIME(PS) =      37.000  TEMP(K) =   304.11  PRESS =  -110.6
 Etot   =      4427.5283  EKtot   =      2722.1897  EPtot      =      1705.3386
 BOND   =       366.9188  ANGLE   =      1722.8194  DIHED      =       810.9363
 1-4 NB =       383.2819  1-4 EEL =      -393.3003  VDWAALS    =     -1038.7602
 EELEC  =      -154.9192  EHBOND  =         0.0000  RESTRAINT  =         8.3620
 EAMBER (non-restraint)  =      1696.9766
 EKCMT  =       140.4605  VIRIAL  =       322.8225  VOLUME     =     76373.4615
                                                    Density    =         0.4049
 Ewald error estimate:   0.7021E-03
 ------------------------------------------------------------------------------


 NSTEP =    15000   TIME(PS) =      40.000  TEMP(K) =   302.68  PRESS =  -309.6
 Etot   =      4324.5529  EKtot   =      2709.3591  EPtot      =      1615.1938
 BOND   =       350.4003  ANGLE   =      1764.8680  DIHED      =       821.4363
 1-4 NB =       375.1336  1-4 EEL =      -420.1276  VDWAALS    =     -1179.0576
 EELEC  =      -103.1190  EHBOND  =         0.0000  RESTRAINT  =         5.6597
 EAMBER (non-restraint)  =      1609.5341
 EKCMT  =       134.2720  VIRIAL  =       607.2962  VOLUME     =     70772.5398
                                                    Density    =         0.4369
 Ewald error estimate:   0.1921E-02
 ------------------------------------------------------------------------------


      A V E R A G E S   O V E R   15000 S T E P S


 NSTEP =    15000   TIME(PS) =      40.000  TEMP(K) =   300.05  PRESS =  -161.6
 Etot   =      4789.8945  EKtot   =      2685.8598  EPtot      =      2104.0347
 BOND   =       356.5908  ANGLE   =      1692.3764  DIHED      =       872.0315
 1-4 NB =       379.7421  1-4 EEL =      -416.5282  VDWAALS    =      -855.5114
 EELEC  =        69.3571  EHBOND  =         0.0000  RESTRAINT  =         5.9765
 EAMBER (non-restraint)  =      2098.0582
 EKCMT  =       171.3387  VIRIAL  =       480.6041  VOLUME     =     93864.9754
                                                    Density    =         0.3348
 Ewald error estimate:   0.6648E-02
 ------------------------------------------------------------------------------


      R M S  F L U C T U A T I O N S


 NSTEP =    15000   TIME(PS) =      40.000  TEMP(K) =     3.76  PRESS =   124.5
 Etot   =       266.8780  EKtot   =        33.6631  EPtot      =       274.7784
 BOND   =        21.2780  ANGLE   =        82.1350  DIHED      =        47.7778
 1-4 NB =         8.0899  1-4 EEL =        13.7914  VDWAALS    =       173.7419
 EELEC  =       142.8560  EHBOND  =         0.0000  RESTRAINT  =         1.5738
 EAMBER (non-restraint)  =       273.2046
 EKCMT  =        28.1634  VIRIAL  =       211.6906  VOLUME     =     11479.9088
                                                    Density    =         0.0437
 Ewald error estimate:   0.9872E-01
 ------------------------------------------------------------------------------


--------------------------------------------------------------------------------
   5.  TIMINGS
--------------------------------------------------------------------------------

|                Build the list            20.03 (98.92% of List )
|                Other                      0.22 ( 1.08% of List )
|             List time                 20.25 ( 5.43% of Nonbo)
|                   Short_ene time           203.64 (98.84% of Direc)
|                   Other                      2.40 ( 1.16% of Direc)
|                Direct Ewald time        206.03 (58.42% of Ewald)
|                Adjust Ewald time         11.28 ( 3.20% of Ewald)
|                   Fill Bspline coeffs        3.26 ( 2.51% of Recip)
|                   Fill charge grid           9.01 ( 6.94% of Recip)
|                   Scalar sum                36.26 (27.95% of Recip)
|                   Grad sum                  17.36 (13.38% of Recip)
|                   FFT time                  63.86 (49.21% of Recip)
|                   Other                      0.01 ( 0.01% of Recip)
|                Recip Ewald time         129.75 (36.79% of Ewald)
|                Force Adjust               0.08 ( 0.02% of Ewald)
|                Virial junk                0.21 ( 0.06% of Ewald)
|                Other                      5.32 ( 1.51% of Ewald)
|             Ewald time               352.69 (94.57% of Nonbo)
|          Nonbond force            372.95 (87.89% of Force)
|          Bond/Angle/Dihedral       51.28 (12.09% of Force)
|          Other                      0.09 ( 0.02% of Force)
|       Force time               424.31 (98.70% of Runmd)
|       Shake time                 2.87 ( 0.67% of Runmd)
|       Verlet update time         2.24 ( 0.52% of Runmd)
|       Ekcmr time                 0.24 ( 0.06% of Runmd)
|       Other                      0.23 ( 0.05% of Runmd)
|    Runmd Time               429.90 (100.0% of Total)
|    Other                      0.08 ( 0.02% of Total)
| Total time               429.99 (100.0% of ALL  )

| Number of list builds   :       1284

| Highest rstack allocated:     342805
| Highest istack allocated:       3861

| Final Performance Info:
| -----------------------------------------------------
| Average timings for all steps:
|     Elapsed(s) =     429.90 Per Step(ms) =      28.66
|         ns/day =       6.03   seconds/ns =   14329.85
| -----------------------------------------------------

|           Job began  at 12:34:39.216  on 10/31/2017
|           Setup done at 12:34:39.309  on 10/31/2017
|           Run   done at 12:41:49.204  on 10/31/2017
|     wallclock() was called  692591 times
