
          -------------------------------------------------------
          Amber 16 SANDER                              2016
          -------------------------------------------------------

| Run on 10/31/2017 at 12:30:04

|   Executable path: sander
| Working directory: /home/haofan/Simulation/octanol/octanol_square_box/equilibration
|          Hostname: Unknown
  [-O]verwriting output

File Assignments:
|  MDIN: min00001.in                                                           
| MDOUT: min00001.out                                                          
|INPCRD: octanol.rst7                                                          
|  PARM: octanol.prmtop                                                        
|RESTRT: min00001.rst7                                                         
|  REFC: octanol.rst7                                                          
| MDVEL: mdvel                                                                 
| MDFRC: mdfrc                                                                 
|  MDEN: min00001.en                                                           
| MDCRD: min00001.nc                                                           
|MDINFO: min00001.info                                                         
|  MTMD: mtmd                                                                  
|INPDIP: inpdip                                                                
|RSTDIP: rstdip                                                                
|INPTRA: inptraj                                                               


 Here is the input file:

Minimise whole system                                                          
&cntrl                                                                         
ntxo=1,                                                                        
imin = 1, ntmin = 1,                                                           
maxcyc = 100, ncyc = 10,                                                       
ntpr = 20, ntwe = 20,                                                          
dx0 = 1.0D-7,                                                                  
ntb = 1,                                                                       
ntr = 1, restraint_wt = 10.00,                                                 
restraintmask="!:LIG",                                                         
/                                                                              

--------------------------------------------------------------------------------
   1.  RESOURCE   USE: 
--------------------------------------------------------------------------------

| Flags:                                                                        
 getting new box info from bottom of inpcrd
|  INFO: Old style inpcrd file read

| peek_ewald_inpcrd: Box info found
|Largest sphere to fit in unit cell has radius =    22.404
| New format PARM file being parsed.
| Version =    1.000 Date = 10/31/17 Time = 12:28:00
 NATOM  =    3861 NTYPES =       5 NBONH =    2574 MBONA  =    1144
 NTHETH =    6006 MTHETA =    1001 NPHIH =    9009 MPHIA  =    2288
 NHPARM =       0 NPARM  =       0 NNB   =   20306 NRES   =     143
 NBONA  =    1144 NTHETA =    1001 NPHIA =    2288 NUMBND =       5
 NUMANG =       8 NPTRA  =       9 NATYP =       5 NPHB   =       0
 IFBOX  =       1 NMXRS  =      27 IFCAP =       0 NEXTRA =       0
 NCOPY  =       0


|     Memory Use     Allocated
|     Real              403579
|     Hollerith          11728
|     Integer           686696
|     Max Pairs        1287000
|     nblistReal         46332
|     nblist Int        385567
|       Total            12776 kbytes

| Note: 1-4 EEL scale factors are being read from the topology file.

| Note: 1-4 VDW scale factors are being read from the topology file.
| Duplicated    0 dihedrals
| Duplicated    0 dihedrals

     BOX TYPE: RECTILINEAR

--------------------------------------------------------------------------------
   2.  CONTROL  DATA  FOR  THE  RUN
--------------------------------------------------------------------------------

OCT                                                                             

General flags:
     imin    =       1, nmropt  =       0

Nature and format of input:
     ntx     =       1, irest   =       0, ntrx    =       1

Nature and format of output:
     ntxo    =       1, ntpr    =      20, ntrx    =       1, ntwr    =       1
     iwrap   =       0, ntwx    =       0, ntwv    =       0, ntwe    =      20
     ioutfm  =       1, ntwprt  =       0, idecomp =       0, rbornstat=      0

Potential function:
     ntf     =       1, ntb     =       1, igb     =       0, nsnb    =      25
     ipol    =       0, gbsa    =       0, iesp    =       0
     dielc   =   1.00000, cut     =   8.00000, intdiel =   1.00000

Frozen or restrained atoms:
     ibelly  =       0, ntr     =       1
     restraint_wt =  10.00000

Energy minimization:
     maxcyc  =     100, ncyc    =      10, ntmin   =       1
     dx0     =   0.00000, drms    =   0.00010

Ewald parameters:
     verbose =       0, ew_type =       0, nbflag  =       1, use_pme =       1
     vdwmeth =       1, eedmeth =       1, netfrc  =       0
     Box X =   49.992   Box Y =   44.808   Box Z =   48.816
     Alpha =   90.000   Beta  =   90.000   Gamma =   90.000
     NFFT1 =   50       NFFT2 =   45       NFFT3 =   48
     Cutoff=    8.000   Tol   =0.100E-04
     Ewald Coefficient =  0.34864
     Interpolation order =    4

    LOADING THE CONSTRAINED ATOMS AS GROUPS


   5.  REFERENCE ATOM COORDINATES

  OCT 
     Mask !:LIG; matches  3834 atoms

--------------------------------------------------------------------------------
   3.  ATOMIC COORDINATES AND VELOCITIES
--------------------------------------------------------------------------------

OCT                                                                             
 begin time read from input coords =     0.000 ps

 Number of triangulated 3-point waters found:        0

     Sum of charges from parm topology file =  -0.14299969
     Assuming uniform neutralizing plasma

--------------------------------------------------------------------------------
   4.  RESULTS
--------------------------------------------------------------------------------

 ---------------------------------------------------
 APPROXIMATING switch and d/dx switch using CUBIC SPLINE INTERPOLATION
 using   5000.0 points per unit in tabled values
 TESTING RELATIVE ERROR over r ranging from 0.0 to cutoff
| CHECK switch(x): max rel err =   0.2738E-14   at   2.422500
| CHECK d/dx switch(x): max rel err =   0.8332E-11   at   2.782960
 ---------------------------------------------------
| Local SIZE OF NONBOND LIST =     268483
| TOTAL SIZE OF NONBOND LIST =     268483


   NSTEP       ENERGY          RMS            GMAX         NAME    NUMBER
      1       7.0534E+02     3.8707E+00     1.6242E+01     C7       1709

 BOND    =       30.9618  ANGLE   =      184.0643  DIHED      =      487.1233
 VDWAALS =     -240.9854  EEL     =      209.8717  HBOND      =        0.0000
 1-4 VDW =      351.8297  1-4 EEL =     -317.5259  RESTRAINT  =        0.0000


   NSTEP       ENERGY          RMS            GMAX         NAME    NUMBER
     20       5.7922E+02     8.1216E-01     2.9178E+00     C3          4

 BOND    =       17.8579  ANGLE   =      116.3852  DIHED      =      487.4217
 VDWAALS =     -247.6154  EEL     =      209.1474  HBOND      =        0.0000
 1-4 VDW =      305.9621  1-4 EEL =     -319.6393  RESTRAINT  =        9.6956
 EAMBER  =      569.5197


   NSTEP       ENERGY          RMS            GMAX         NAME    NUMBER
     40       5.6773E+02     1.8415E-01     9.0707E-01     H17        27

 BOND    =       15.5063  ANGLE   =      128.4151  DIHED      =      482.3412
 VDWAALS =     -257.4304  EEL     =      212.0790  HBOND      =        0.0000
 1-4 VDW =      293.6426  1-4 EEL =     -324.3762  RESTRAINT  =       17.5569
 EAMBER  =      550.1776


   NSTEP       ENERGY          RMS            GMAX         NAME    NUMBER
     60       5.6711E+02     3.7899E-02     5.0183E-01     H17        27

 BOND    =       17.8521  ANGLE   =      127.3749  DIHED      =      481.9506
 VDWAALS =     -257.9162  EEL     =      213.2510  HBOND      =        0.0000
 1-4 VDW =      291.5378  1-4 EEL =     -326.8398  RESTRAINT  =       19.8977
 EAMBER  =      547.2104


   NSTEP       ENERGY          RMS            GMAX         NAME    NUMBER
     80       6.3766E+02     5.0779E+00     1.5323E+02     C4          5

 BOND    =       66.0468  ANGLE   =      153.3604  DIHED      =      483.1725
 VDWAALS =     -259.7991  EEL     =      213.0511  HBOND      =        0.0000
 1-4 VDW =      288.2757  1-4 EEL =     -326.9653  RESTRAINT  =       20.5225
 EAMBER  =      617.1421


   NSTEP       ENERGY          RMS            GMAX         NAME    NUMBER
    100       5.6703E+02     1.0524E-02     3.5977E-01     O           9

 BOND    =       17.7588  ANGLE   =      128.1116  DIHED      =      481.9145
 VDWAALS =     -258.4304  EEL     =      213.2997  HBOND      =        0.0000
 1-4 VDW =      291.2284  1-4 EEL =     -326.9899  RESTRAINT  =       20.1387
 EAMBER  =      546.8928


  Maximum number of minimization cycles reached.


                    FINAL RESULTS



   NSTEP       ENERGY          RMS            GMAX         NAME    NUMBER
    100       5.6703E+02     1.0524E-02     3.5977E-01     O           9

 BOND    =       17.7588  ANGLE   =      128.1116  DIHED      =      481.9145
 VDWAALS =     -258.4304  EEL     =      213.2997  HBOND      =        0.0000
 1-4 VDW =      291.2284  1-4 EEL =     -326.9899  RESTRAINT  =       20.1387
 EAMBER  =      546.8928

--------------------------------------------------------------------------------
   5.  TIMINGS
--------------------------------------------------------------------------------

|    Read coords time           0.00 ( 0.13% of Total)
|                Build the list             0.01 (47.09% of List )
|                Other                      0.02 (52.91% of List )
|             List time                  0.03 ( 1.76% of Nonbo)
|                   Short_ene time             0.73 (98.05% of Direc)
|                   Other                      0.01 ( 1.95% of Direc)
|                Direct Ewald time          0.75 (43.93% of Ewald)
|                Adjust Ewald time          0.07 ( 3.96% of Ewald)
|                   Fill Bspline coeffs        0.02 ( 2.48% of Recip)
|                   Fill charge grid           0.06 ( 6.76% of Recip)
|                   Scalar sum                 0.24 (27.99% of Recip)
|                   Grad sum                   0.11 (13.36% of Recip)
|                   FFT time                   0.42 (49.40% of Recip)
|                   Other                      0.00 ( 0.01% of Recip)
|                Recip Ewald time           0.85 (49.97% of Ewald)
|                Virial junk                0.00 ( 0.08% of Ewald)
|                Other                      0.03 ( 2.05% of Ewald)
|             Ewald time                 1.70 (98.24% of Nonbo)
|          Nonbond force              1.73 (84.06% of Force)
|          Bond/Angle/Dihedral        0.33 (15.79% of Force)
|          Other                      0.00 ( 0.16% of Force)
|       Force time                 2.06 (100.0% of Runmd)
|    Runmd Time                 2.06 (67.94% of Total)
|    Other                      0.97 (31.93% of Total)
| Total time                 3.04 (100.0% of ALL  )

| Number of list builds   :          1

| Highest rstack allocated:     342805
| Highest istack allocated:       3861
|           Job began  at 12:30:04.065  on 10/31/2017
|           Setup done at 12:30:04.140  on 10/31/2017
|           Run   done at 12:30:07.103  on 10/31/2017
|     wallclock() was called    3850 times
