
          -------------------------------------------------------
          Amber 16 SANDER                              2016
          -------------------------------------------------------

| Run on 10/31/2017 at 12:31:46

|   Executable path: sander
| Working directory: /home/haofan/Simulation/octanol/octanol_square_box/equilibration
|          Hostname: Unknown
  [-O]verwriting output

File Assignments:
|  MDIN: md00003.in                                                            
| MDOUT: md00003.out                                                           
|INPCRD: md00002.rst7                                                          
|  PARM: octanol.prmtop                                                        
|RESTRT: md00003.rst7                                                          
|  REFC: octanol.rst7                                                          
| MDVEL: mdvel                                                                 
| MDFRC: mdfrc                                                                 
|  MDEN: md00003.en                                                            
| MDCRD: md00003.nc                                                            
|MDINFO: md00003.info                                                          
|  MTMD: mtmd                                                                  
|INPDIP: inpdip                                                                
|RSTDIP: rstdip                                                                
|INPTRA: inptraj                                                               


 Here is the input file:

constant temperature                                                           
&cntrl                                                                         
ntxo=1,                                                                        
imin = 0, nstlim = 4000, irest = 1, ntx = 5, dt = 0.002,                       
ntt = 1, temp0 = 300.0, tautp = 1.0,                                           
ntb = 1,                                                                       
ntc = 2, ntf = 2,                                                              
ioutfm = 1, iwrap = 1,                                                         
ntwe = 800, ntwx = 800, ntpr = 400,                                            
ntr = 1, restraint_wt = 10.00,                                                 
restraintmask="!:OCT",                                                         
/                                                                              
                                                                               

--------------------------------------------------------------------------------
   1.  RESOURCE   USE: 
--------------------------------------------------------------------------------

| Flags:                                                                        
 getting new box info from bottom of inpcrd
|  INFO: Old style inpcrd file read

| peek_ewald_inpcrd: Box info found
|Largest sphere to fit in unit cell has radius =    22.404
| New format PARM file being parsed.
| Version =    1.000 Date = 10/31/17 Time = 12:28:00
 NATOM  =    3861 NTYPES =       5 NBONH =    2574 MBONA  =    1144
 NTHETH =    6006 MTHETA =    1001 NPHIH =    9009 MPHIA  =    2288
 NHPARM =       0 NPARM  =       0 NNB   =   20306 NRES   =     143
 NBONA  =    1144 NTHETA =    1001 NPHIA =    2288 NUMBND =       5
 NUMANG =       8 NPTRA  =       9 NATYP =       5 NPHB   =       0
 IFBOX  =       1 NMXRS  =      27 IFCAP =       0 NEXTRA =       0
 NCOPY  =       0


|     Memory Use     Allocated
|     Real              357047
|     Hollerith          11728
|     Integer           686696
|     Max Pairs        1287000
|     nblistReal         46332
|     nblist Int        385567
|       Total            12413 kbytes

| Note: 1-4 EEL scale factors are being read from the topology file.

| Note: 1-4 VDW scale factors are being read from the topology file.
| Duplicated    0 dihedrals
| Duplicated    0 dihedrals

     BOX TYPE: RECTILINEAR

--------------------------------------------------------------------------------
   2.  CONTROL  DATA  FOR  THE  RUN
--------------------------------------------------------------------------------

OCT                                                                             

General flags:
     imin    =       0, nmropt  =       0

Nature and format of input:
     ntx     =       5, irest   =       1, ntrx    =       1

Nature and format of output:
     ntxo    =       1, ntpr    =     400, ntrx    =       1, ntwr    =    4000
     iwrap   =       1, ntwx    =     800, ntwv    =       0, ntwe    =     800
     ioutfm  =       1, ntwprt  =       0, idecomp =       0, rbornstat=      0

Potential function:
     ntf     =       2, ntb     =       1, igb     =       0, nsnb    =      25
     ipol    =       0, gbsa    =       0, iesp    =       0
     dielc   =   1.00000, cut     =   8.00000, intdiel =   1.00000

Frozen or restrained atoms:
     ibelly  =       0, ntr     =       1
     restraint_wt =  10.00000

Molecular dynamics:
     nstlim  =      4000, nscm    =         0, nrespa  =         1
     t       =   0.00000, dt      =   0.00200, vlimit  =  20.00000

Berendsen (weak-coupling) temperature regulation:
     temp0   = 300.00000, tempi   =   0.00000, tautp   =   1.00000

SHAKE:
     ntc     =       2, jfastw  =       0
     tol     =   0.00001

Ewald parameters:
     verbose =       0, ew_type =       0, nbflag  =       1, use_pme =       1
     vdwmeth =       1, eedmeth =       1, netfrc  =       1
     Box X =   49.992   Box Y =   44.808   Box Z =   48.816
     Alpha =   90.000   Beta  =   90.000   Gamma =   90.000
     NFFT1 =   50       NFFT2 =   45       NFFT3 =   48
     Cutoff=    8.000   Tol   =0.100E-04
     Ewald Coefficient =  0.34864
     Interpolation order =    4

    LOADING THE CONSTRAINED ATOMS AS GROUPS


   5.  REFERENCE ATOM COORDINATES

  OCT 
     Mask !:OCT; matches    27 atoms

--------------------------------------------------------------------------------
   3.  ATOMIC COORDINATES AND VELOCITIES
--------------------------------------------------------------------------------

OCT                                                                             
 begin time read from input coords =     2.000 ps

 Number of triangulated 3-point waters found:        0

     Sum of charges from parm topology file =  -0.14299969
     Assuming uniform neutralizing plasma

--------------------------------------------------------------------------------
   4.  RESULTS
--------------------------------------------------------------------------------

|  # of SOLUTE  degrees of freedom (RNDFP):    9009.
|  # of SOLVENT degrees of freedom (RNDFS):       0.
|  NDFMIN =    9009.     NUM_NOSHAKE =      0     CORRECTED RNDFP =    9009.
|  TOTAL # of degrees of freedom (RNDF) =    9009.
 ---------------------------------------------------
 APPROXIMATING switch and d/dx switch using CUBIC SPLINE INTERPOLATION
 using   5000.0 points per unit in tabled values
 TESTING RELATIVE ERROR over r ranging from 0.0 to cutoff
| CHECK switch(x): max rel err =   0.2738E-14   at   2.422500
| CHECK d/dx switch(x): max rel err =   0.8332E-11   at   2.782960
 ---------------------------------------------------
| Local SIZE OF NONBOND LIST =     268340
| TOTAL SIZE OF NONBOND LIST =     268340

 NSTEP =      400   TIME(PS) =       2.800  TEMP(K) =   200.04  PRESS =     0.0
 Etot   =      3099.1502  EKtot   =      1790.6484  EPtot      =      1308.5017
 BOND   =       117.8073  ANGLE   =       565.2601  DIHED      =       926.1152
 1-4 NB =       334.0482  1-4 EEL =      -368.6745  VDWAALS    =      -496.3113
 EELEC  =       227.4696  EHBOND  =         0.0000  RESTRAINT  =         2.7872
 EAMBER (non-restraint)  =      1305.7145
 Ewald error estimate:   0.2048E-03
 ------------------------------------------------------------------------------


 NSTEP =      800   TIME(PS) =       3.600  TEMP(K) =   232.59  PRESS =     0.0
 Etot   =      3681.0314  EKtot   =      2082.0067  EPtot      =      1599.0247
 BOND   =       144.3201  ANGLE   =       710.9160  DIHED      =       989.8573
 1-4 NB =       357.8557  1-4 EEL =      -361.9525  VDWAALS    =      -493.9561
 EELEC  =       249.2351  EHBOND  =         0.0000  RESTRAINT  =         2.7491
 EAMBER (non-restraint)  =      1596.2756
 Ewald error estimate:   0.8694E-03
 ------------------------------------------------------------------------------


 NSTEP =     1200   TIME(PS) =       4.400  TEMP(K) =   255.91  PRESS =     0.0
 Etot   =      4086.2004  EKtot   =      2290.7105  EPtot      =      1795.4899
 BOND   =       184.7998  ANGLE   =       849.4673  DIHED      =      1018.6805
 1-4 NB =       352.6283  1-4 EEL =      -365.8296  VDWAALS    =      -482.8298
 EELEC  =       234.4288  EHBOND  =         0.0000  RESTRAINT  =         4.1445
 EAMBER (non-restraint)  =      1791.3454
 Ewald error estimate:   0.2082E-03
 ------------------------------------------------------------------------------


 NSTEP =     1600   TIME(PS) =       5.200  TEMP(K) =   271.46  PRESS =     0.0
 Etot   =      4373.1509  EKtot   =      2429.9027  EPtot      =      1943.2482
 BOND   =       198.2867  ANGLE   =       954.1526  DIHED      =      1012.2672
 1-4 NB =       375.2573  1-4 EEL =      -407.2399  VDWAALS    =      -482.3881
 EELEC  =       287.1032  EHBOND  =         0.0000  RESTRAINT  =         5.8094
 EAMBER (non-restraint)  =      1937.4388
 Ewald error estimate:   0.6366E-03
 ------------------------------------------------------------------------------


 NSTEP =     2000   TIME(PS) =       6.000  TEMP(K) =   274.97  PRESS =     0.0
 Etot   =      4590.2544  EKtot   =      2461.3818  EPtot      =      2128.8725
 BOND   =       220.8719  ANGLE   =      1076.6992  DIHED      =      1020.9111
 1-4 NB =       395.1017  1-4 EEL =      -409.7053  VDWAALS    =      -502.4111
 EELEC  =       318.6530  EHBOND  =         0.0000  RESTRAINT  =         8.7519
 EAMBER (non-restraint)  =      2120.1206
 Ewald error estimate:   0.3147E-03
 ------------------------------------------------------------------------------


 NSTEP =     2400   TIME(PS) =       6.800  TEMP(K) =   281.26  PRESS =     0.0
 Etot   =      4758.0960  EKtot   =      2517.6379  EPtot      =      2240.4581
 BOND   =       269.2351  ANGLE   =      1148.2745  DIHED      =      1042.0795
 1-4 NB =       385.1703  1-4 EEL =      -410.7637  VDWAALS    =      -509.5680
 EELEC  =       306.5300  EHBOND  =         0.0000  RESTRAINT  =         9.5003
 EAMBER (non-restraint)  =      2230.9578
 Ewald error estimate:   0.1925E-03
 ------------------------------------------------------------------------------


 NSTEP =     2800   TIME(PS) =       7.600  TEMP(K) =   285.05  PRESS =     0.0
 Etot   =      4891.0687  EKtot   =      2551.6091  EPtot      =      2339.4596
 BOND   =       265.9535  ANGLE   =      1234.8322  DIHED      =      1037.2815
 1-4 NB =       398.8076  1-4 EEL =      -396.9993  VDWAALS    =      -488.7222
 EELEC  =       282.1266  EHBOND  =         0.0000  RESTRAINT  =         6.1797
 EAMBER (non-restraint)  =      2333.2799
 Ewald error estimate:   0.1905E-03
 ------------------------------------------------------------------------------


 NSTEP =     3200   TIME(PS) =       8.400  TEMP(K) =   285.99  PRESS =     0.0
 Etot   =      4995.5539  EKtot   =      2559.9963  EPtot      =      2435.5576
 BOND   =       314.0564  ANGLE   =      1363.9013  DIHED      =       995.4747
 1-4 NB =       365.5305  1-4 EEL =      -405.8360  VDWAALS    =      -511.4211
 EELEC  =       307.6555  EHBOND  =         0.0000  RESTRAINT  =         6.1963
 EAMBER (non-restraint)  =      2429.3613
 Ewald error estimate:   0.1205E-02
 ------------------------------------------------------------------------------


 NSTEP =     3600   TIME(PS) =       9.200  TEMP(K) =   292.33  PRESS =     0.0
 Etot   =      5055.1729  EKtot   =      2616.7419  EPtot      =      2438.4310
 BOND   =       297.1461  ANGLE   =      1385.8940  DIHED      =      1012.1180
 1-4 NB =       381.0863  1-4 EEL =      -414.1115  VDWAALS    =      -529.7420
 EELEC  =       301.4483  EHBOND  =         0.0000  RESTRAINT  =         4.5918
 EAMBER (non-restraint)  =      2433.8392
 Ewald error estimate:   0.4930E-03
 ------------------------------------------------------------------------------


 NSTEP =     4000   TIME(PS) =      10.000  TEMP(K) =   293.58  PRESS =     0.0
 Etot   =      5091.1854  EKtot   =      2627.9086  EPtot      =      2463.2768
 BOND   =       300.5586  ANGLE   =      1452.1134  DIHED      =       943.4589
 1-4 NB =       394.3429  1-4 EEL =      -407.1313  VDWAALS    =      -531.5037
 EELEC  =       304.7122  EHBOND  =         0.0000  RESTRAINT  =         6.7257
 EAMBER (non-restraint)  =      2456.5511
 Ewald error estimate:   0.3164E-03
 ------------------------------------------------------------------------------


      A V E R A G E S   O V E R    4000 S T E P S


 NSTEP =     4000   TIME(PS) =      10.000  TEMP(K) =   259.39  PRESS =     0.0
 Etot   =      4328.0813  EKtot   =      2321.8963  EPtot      =      2006.1850
 BOND   =       217.4620  ANGLE   =      1031.2671  DIHED      =       992.6613
 1-4 NB =       371.6664  1-4 EEL =      -388.0432  VDWAALS    =      -498.4774
 EELEC  =       274.2307  EHBOND  =         0.0000  RESTRAINT  =         5.4182
 EAMBER (non-restraint)  =      2000.7668
 Ewald error estimate:   0.4482E-03
 ------------------------------------------------------------------------------


      R M S  F L U C T U A T I O N S


 NSTEP =     4000   TIME(PS) =      10.000  TEMP(K) =    36.23  PRESS =     0.0
 Etot   =       752.3894  EKtot   =       324.3410  EPtot      =       432.2837
 BOND   =        68.5099  ANGLE   =       306.3825  DIHED      =        57.4813
 1-4 NB =        20.6466  1-4 EEL =        20.4355  VDWAALS    =        19.8567
 EELEC  =        30.4111  EHBOND  =         0.0000  RESTRAINT  =         2.6045
 EAMBER (non-restraint)  =       429.6792
 Ewald error estimate:   0.3307E-03
 ------------------------------------------------------------------------------


--------------------------------------------------------------------------------
   5.  TIMINGS
--------------------------------------------------------------------------------

|    Read coords time           0.01 ( 0.01% of Total)
|                Build the list             5.29 (98.70% of List )
|                Other                      0.07 ( 1.30% of List )
|             List time                  5.36 ( 6.46% of Nonbo)
|                   Short_ene time            37.70 (97.54% of Direc)
|                   Other                      0.95 ( 2.46% of Direc)
|                Direct Ewald time         38.65 (49.77% of Ewald)
|                Adjust Ewald time          2.94 ( 3.79% of Ewald)
|                   Fill Bspline coeffs        0.87 ( 2.51% of Recip)
|                   Fill charge grid           2.38 ( 6.88% of Recip)
|                   Scalar sum                 9.67 (27.98% of Recip)
|                   Grad sum                   4.63 (13.40% of Recip)
|                   FFT time                  17.02 (49.23% of Recip)
|                   Other                      0.00 ( 0.01% of Recip)
|                Recip Ewald time          34.57 (44.51% of Ewald)
|                Force Adjust               0.02 ( 0.03% of Ewald)
|                Virial junk                0.06 ( 0.07% of Ewald)
|                Other                      1.42 ( 1.83% of Ewald)
|             Ewald time                77.66 (93.54% of Nonbo)
|          Nonbond force             83.02 (85.92% of Force)
|          Bond/Angle/Dihedral       13.58 (14.05% of Force)
|          Other                      0.02 ( 0.02% of Force)
|       Force time                96.62 (98.73% of Runmd)
|       Shake time                 0.75 ( 0.77% of Runmd)
|       Verlet update time         0.46 ( 0.47% of Runmd)
|       Other                      0.03 ( 0.04% of Runmd)
|    Runmd Time                97.87 (100.0% of Total)
|    Other                      0.08 ( 0.08% of Total)
| Total time                97.96 (100.0% of ALL  )

| Number of list builds   :        395

| Highest rstack allocated:     342805
| Highest istack allocated:       3861

| Final Performance Info:
| -----------------------------------------------------
| Average timings for all steps:
|     Elapsed(s) =      97.87 Per Step(ms) =      24.47
|         ns/day =       7.06   seconds/ns =   12233.83
| -----------------------------------------------------

|           Job began  at 12:31:46.256  on 10/31/2017
|           Setup done at 12:31:46.345  on 10/31/2017
|           Run   done at 12:33:24.215  on 10/31/2017
|     wallclock() was called  176813 times
