
          -------------------------------------------------------
          Amber 16 SANDER                              2016
          -------------------------------------------------------

| Run on 10/31/2017 at 09:57:26

|   Executable path: sander
| Working directory: /home/haofan/Simulation/octanol/octanol_hydration_free_energy/equilibration
|          Hostname: Unknown
  [-O]verwriting output

File Assignments:
|  MDIN: md00003.in                                                            
| MDOUT: md00003.out                                                           
|INPCRD: md00002.rst7                                                          
|  PARM: ../solvated.parm7                                                     
|RESTRT: md00003.rst7                                                          
|  REFC: ../solvated.rst7                                                      
| MDVEL: mdvel                                                                 
| MDFRC: mdfrc                                                                 
|  MDEN: md00003.en                                                            
| MDCRD: md00003.nc                                                            
|MDINFO: md00003.info                                                          
|  MTMD: mtmd                                                                  
|INPDIP: inpdip                                                                
|RSTDIP: rstdip                                                                
|INPTRA: inptraj                                                               


 Here is the input file:

constant temperature                                                           
&cntrl                                                                         
ntxo=1,                                                                        
imin = 0, nstlim = 4000, irest = 1, ntx = 5, dt = 0.002,                       
ntt = 1, temp0 = 300.0, tautp = 1.0,                                           
ntb = 1,                                                                       
ntc = 2, ntf = 2,                                                              
ioutfm = 1, iwrap = 1,                                                         
ntwe = 800, ntwx = 800, ntpr = 400,                                            
ntr = 1, restraint_wt = 10.00,                                                 
restraintmask="!:WAT,HOH,T3P,T4P",                                             
/                                                                              
                                                                               

--------------------------------------------------------------------------------
   1.  RESOURCE   USE: 
--------------------------------------------------------------------------------

| Flags:                                                                        
 getting new box info from bottom of inpcrd
|  INFO: Old style inpcrd file read

| peek_ewald_inpcrd: Box info found
|Largest sphere to fit in unit cell has radius =    17.505
| New format PARM file being parsed.
| Version =    1.000 Date = 10/25/17 Time = 11:10:43
 NATOM  =    3219 NTYPES =       7 NBONH =    3210 MBONA  =       8
 NTHETH =      42 MTHETA =       7 NPHIH =      63 MPHIA  =      16
 NHPARM =       0 NPARM  =       0 NNB   =    4398 NRES   =    1065
 NBONA  =       8 NTHETA =       7 NPHIA =      16 NUMBND =       7
 NUMANG =       8 NPTRA  =       9 NATYP =       7 NPHB   =       1
 IFBOX  =       1 NMXRS  =      27 IFCAP =       0 NEXTRA =       0
 NCOPY  =       0


|     Memory Use     Allocated
|     Real              312692
|     Hollerith          10724
|     Integer            97068
|     Max Pairs        1073000
|     nblistReal         38628
|     nblist Int        173839
|       Total             8036 kbytes

| Note: 1-4 EEL scale factors are being read from the topology file.

| Note: 1-4 VDW scale factors are being read from the topology file.
| Duplicated    0 dihedrals
| Duplicated    0 dihedrals

     BOX TYPE: RECTILINEAR

--------------------------------------------------------------------------------
   2.  CONTROL  DATA  FOR  THE  RUN
--------------------------------------------------------------------------------

OCT                                                                             

General flags:
     imin    =       0, nmropt  =       0

Nature and format of input:
     ntx     =       5, irest   =       1, ntrx    =       1

Nature and format of output:
     ntxo    =       1, ntpr    =     400, ntrx    =       1, ntwr    =    4000
     iwrap   =       1, ntwx    =     800, ntwv    =       0, ntwe    =     800
     ioutfm  =       1, ntwprt  =       0, idecomp =       0, rbornstat=      0

Potential function:
     ntf     =       2, ntb     =       1, igb     =       0, nsnb    =      25
     ipol    =       0, gbsa    =       0, iesp    =       0
     dielc   =   1.00000, cut     =   8.00000, intdiel =   1.00000

Frozen or restrained atoms:
     ibelly  =       0, ntr     =       1
     restraint_wt =  10.00000

Molecular dynamics:
     nstlim  =      4000, nscm    =         0, nrespa  =         1
     t       =   0.00000, dt      =   0.00200, vlimit  =  20.00000

Berendsen (weak-coupling) temperature regulation:
     temp0   = 300.00000, tempi   =   0.00000, tautp   =   1.00000

SHAKE:
     ntc     =       2, jfastw  =       0
     tol     =   0.00001

Ewald parameters:
     verbose =       0, ew_type =       0, nbflag  =       1, use_pme =       1
     vdwmeth =       1, eedmeth =       1, netfrc  =       1
     Box X =   35.010   Box Y =   38.307   Box Z =   35.644
     Alpha =   90.000   Beta  =   90.000   Gamma =   90.000
     NFFT1 =   36       NFFT2 =   40       NFFT3 =   36
     Cutoff=    8.000   Tol   =0.100E-04
     Ewald Coefficient =  0.34864
     Interpolation order =    4

    LOADING THE CONSTRAINED ATOMS AS GROUPS


   5.  REFERENCE ATOM COORDINATES

  OCT 
     Mask !:WAT,HOH,T3P,T4P; matches    27 atoms

--------------------------------------------------------------------------------
   3.  ATOMIC COORDINATES AND VELOCITIES
--------------------------------------------------------------------------------

OCT                                                                             
 begin time read from input coords =     2.000 ps

 Number of triangulated 3-point waters found:     1064

     Sum of charges from parm topology file =  -0.00100000
     Forcing neutrality...

--------------------------------------------------------------------------------
   4.  RESULTS
--------------------------------------------------------------------------------

|  # of SOLUTE  degrees of freedom (RNDFP):    6447.
|  # of SOLVENT degrees of freedom (RNDFS):       0.
|  NDFMIN =    6447.     NUM_NOSHAKE =      0     CORRECTED RNDFP =    6447.
|  TOTAL # of degrees of freedom (RNDF) =    6447.
 ---------------------------------------------------
 APPROXIMATING switch and d/dx switch using CUBIC SPLINE INTERPOLATION
 using   5000.0 points per unit in tabled values
 TESTING RELATIVE ERROR over r ranging from 0.0 to cutoff
| CHECK switch(x): max rel err =   0.2738E-14   at   2.422500
| CHECK d/dx switch(x): max rel err =   0.8332E-11   at   2.782960
 ---------------------------------------------------
| Local SIZE OF NONBOND LIST =     523359
| TOTAL SIZE OF NONBOND LIST =     523359

 NSTEP =      400   TIME(PS) =       2.800  TEMP(K) =   203.33  PRESS =     0.0
 Etot   =     -9480.5348  EKtot   =      1302.4765  EPtot      =    -10783.0113
 BOND   =         0.5620  ANGLE   =         4.1528  DIHED      =         4.0689
 1-4 NB =         2.6660  1-4 EEL =        -1.8137  VDWAALS    =      1906.2220
 EELEC  =    -12702.1145  EHBOND  =         0.0000  RESTRAINT  =         3.2453
 EAMBER (non-restraint)  =    -10786.2566
 Ewald error estimate:   0.2614E-03
 ------------------------------------------------------------------------------


 NSTEP =      800   TIME(PS) =       3.600  TEMP(K) =   228.99  PRESS =     0.0
 Etot   =     -9058.5482  EKtot   =      1466.8310  EPtot      =    -10525.3791
 BOND   =         0.3728  ANGLE   =         5.9114  DIHED      =         4.5776
 1-4 NB =         3.2112  1-4 EEL =        -1.8313  VDWAALS    =      1735.4379
 EELEC  =    -12276.9821  EHBOND  =         0.0000  RESTRAINT  =         3.9235
 EAMBER (non-restraint)  =    -10529.3026
 Ewald error estimate:   0.1161E-03
 ------------------------------------------------------------------------------


 NSTEP =     1200   TIME(PS) =       4.400  TEMP(K) =   253.69  PRESS =     0.0
 Etot   =     -8758.7811  EKtot   =      1625.0565  EPtot      =    -10383.8376
 BOND   =         0.6121  ANGLE   =         5.1960  DIHED      =         3.8091
 1-4 NB =         2.7134  1-4 EEL =        -2.2543  VDWAALS    =      1725.3455
 EELEC  =    -12124.5546  EHBOND  =         0.0000  RESTRAINT  =         5.2952
 EAMBER (non-restraint)  =    -10389.1328
 Ewald error estimate:   0.2649E-04
 ------------------------------------------------------------------------------


 NSTEP =     1600   TIME(PS) =       5.200  TEMP(K) =   262.67  PRESS =     0.0
 Etot   =     -8542.8823  EKtot   =      1682.5668  EPtot      =    -10225.4490
 BOND   =         0.5717  ANGLE   =         5.3861  DIHED      =         3.7796
 1-4 NB =         2.5715  1-4 EEL =        -1.9287  VDWAALS    =      1648.6045
 EELEC  =    -11889.7268  EHBOND  =         0.0000  RESTRAINT  =         5.2932
 EAMBER (non-restraint)  =    -10230.7423
 Ewald error estimate:   0.8043E-04
 ------------------------------------------------------------------------------


 NSTEP =     2000   TIME(PS) =       6.000  TEMP(K) =   273.40  PRESS =     0.0
 Etot   =     -8360.9847  EKtot   =      1751.3373  EPtot      =    -10112.3220
 BOND   =         1.0306  ANGLE   =         7.1985  DIHED      =         3.6061
 1-4 NB =         3.2008  1-4 EEL =        -2.4059  VDWAALS    =      1550.9600
 EELEC  =    -11679.4828  EHBOND  =         0.0000  RESTRAINT  =         3.5707
 EAMBER (non-restraint)  =    -10115.8927
 Ewald error estimate:   0.2038E-03
 ------------------------------------------------------------------------------


 NSTEP =     2400   TIME(PS) =       6.800  TEMP(K) =   273.42  PRESS =     0.0
 Etot   =     -8219.3067  EKtot   =      1751.4672  EPtot      =     -9970.7739
 BOND   =         1.0976  ANGLE   =         7.0511  DIHED      =         3.9211
 1-4 NB =         2.6927  1-4 EEL =        -2.0951  VDWAALS    =      1529.8833
 EELEC  =    -11519.1223  EHBOND  =         0.0000  RESTRAINT  =         5.7977
 EAMBER (non-restraint)  =     -9976.5715
 Ewald error estimate:   0.1740E-03
 ------------------------------------------------------------------------------


 NSTEP =     2800   TIME(PS) =       7.600  TEMP(K) =   280.97  PRESS =     0.0
 Etot   =     -8115.4644  EKtot   =      1799.8263  EPtot      =     -9915.2907
 BOND   =         2.1816  ANGLE   =         5.9901  DIHED      =         3.8113
 1-4 NB =         2.1581  1-4 EEL =        -2.2499  VDWAALS    =      1497.6715
 EELEC  =    -11429.5993  EHBOND  =         0.0000  RESTRAINT  =         4.7459
 EAMBER (non-restraint)  =     -9920.0366
 Ewald error estimate:   0.2230E-03
 ------------------------------------------------------------------------------


 NSTEP =     3200   TIME(PS) =       8.400  TEMP(K) =   285.52  PRESS =     0.0
 Etot   =     -8027.5775  EKtot   =      1828.9443  EPtot      =     -9856.5218
 BOND   =         1.5601  ANGLE   =         6.8621  DIHED      =         3.7423
 1-4 NB =         2.0810  1-4 EEL =        -2.1695  VDWAALS    =      1520.2388
 EELEC  =    -11394.6365  EHBOND  =         0.0000  RESTRAINT  =         5.7999
 EAMBER (non-restraint)  =     -9862.3216
 Ewald error estimate:   0.2315E-03
 ------------------------------------------------------------------------------


 NSTEP =     3600   TIME(PS) =       9.200  TEMP(K) =   294.69  PRESS =     0.0
 Etot   =     -7961.3430  EKtot   =      1887.6691  EPtot      =     -9849.0121
 BOND   =         0.7563  ANGLE   =         8.1191  DIHED      =         3.6959
 1-4 NB =         2.4859  1-4 EEL =        -2.4445  VDWAALS    =      1514.6357
 EELEC  =    -11380.9493  EHBOND  =         0.0000  RESTRAINT  =         4.6889
 EAMBER (non-restraint)  =     -9853.7011
 Ewald error estimate:   0.2851E-03
 ------------------------------------------------------------------------------


 NSTEP =     4000   TIME(PS) =      10.000  TEMP(K) =   291.06  PRESS =     0.0
 Etot   =     -7914.9223  EKtot   =      1864.4231  EPtot      =     -9779.3454
 BOND   =         1.0694  ANGLE   =         6.2247  DIHED      =         3.5758
 1-4 NB =         2.4795  1-4 EEL =        -2.5401  VDWAALS    =      1560.2809
 EELEC  =    -11356.9571  EHBOND  =         0.0000  RESTRAINT  =         6.5216
 EAMBER (non-restraint)  =     -9785.8669
 Ewald error estimate:   0.3160E-03
 ------------------------------------------------------------------------------


      A V E R A G E S   O V E R    4000 S T E P S


 NSTEP =     4000   TIME(PS) =      10.000  TEMP(K) =   257.75  PRESS =     0.0
 Etot   =     -8546.4767  EKtot   =      1651.0765  EPtot      =    -10197.5533
 BOND   =         1.1480  ANGLE   =         6.1725  DIHED      =         3.7420
 1-4 NB =         2.3213  1-4 EEL =        -2.1878  VDWAALS    =      1655.5991
 EELEC  =    -11868.8166  EHBOND  =         0.0000  RESTRAINT  =         4.4681
 EAMBER (non-restraint)  =    -10202.0214
 Ewald error estimate:   0.1580E-03
 ------------------------------------------------------------------------------


      R M S  F L U C T U A T I O N S


 NSTEP =     4000   TIME(PS) =      10.000  TEMP(K) =    33.37  PRESS =     0.0
 Etot   =       574.2439  EKtot   =       213.7402  EPtot      =       363.6854
 BOND   =         0.6009  ANGLE   =         1.5226  DIHED      =         0.2373
 1-4 NB =         0.3593  1-4 EEL =         0.3047  VDWAALS    =       151.9465
 EELEC  =       508.2509  EHBOND  =         0.0000  RESTRAINT  =         1.4982
 EAMBER (non-restraint)  =       362.1872
 Ewald error estimate:   0.1156E-03
 ------------------------------------------------------------------------------


--------------------------------------------------------------------------------
   5.  TIMINGS
--------------------------------------------------------------------------------

|    Read coords time           0.01 ( 0.01% of Total)
|                Build the list             6.93 (99.15% of List )
|                Other                      0.06 ( 0.85% of List )
|             List time                  6.99 ( 7.42% of Nonbo)
|                   Short_ene time            66.45 (99.22% of Direc)
|                   Other                      0.52 ( 0.78% of Direc)
|                Direct Ewald time         66.97 (76.76% of Ewald)
|                Adjust Ewald time          0.46 ( 0.53% of Ewald)
|                   Fill Bspline coeffs        0.71 ( 3.60% of Recip)
|                   Fill charge grid           1.91 ( 9.68% of Recip)
|                   Scalar sum                 4.64 (23.52% of Recip)
|                   Grad sum                   3.85 (19.53% of Recip)
|                   FFT time                   8.61 (43.66% of Recip)
|                   Other                      0.00 ( 0.01% of Recip)
|                Recip Ewald time          19.73 (22.61% of Ewald)
|                Force Adjust               0.02 ( 0.02% of Ewald)
|                Virial junk                0.05 ( 0.05% of Ewald)
|                Other                      0.01 ( 0.02% of Ewald)
|             Ewald time                87.24 (92.58% of Nonbo)
|          Nonbond force             94.23 (99.86% of Force)
|          Bond/Angle/Dihedral        0.11 ( 0.12% of Force)
|          Other                      0.02 ( 0.02% of Force)
|       Force time                94.36 (98.92% of Runmd)
|       Shake time                 0.62 ( 0.65% of Runmd)
|       Verlet update time         0.38 ( 0.40% of Runmd)
|       Other                      0.03 ( 0.03% of Runmd)
|    Runmd Time                95.39 (100.0% of Total)
|    Other                      0.06 ( 0.06% of Total)
| Total time                95.45 (100.0% of ALL  )

| Number of list builds   :        342

| Highest rstack allocated:     206839
| Highest istack allocated:       3219

| Final Performance Info:
| -----------------------------------------------------
| Average timings for all steps:
|     Elapsed(s) =      95.39 Per Step(ms) =      23.85
|         ns/day =       7.25   seconds/ns =   11923.86
| -----------------------------------------------------

|           Job began  at 09:57:26.176  on 10/31/2017
|           Setup done at 09:57:26.243  on 10/31/2017
|           Run   done at 09:59:01.634  on 10/31/2017
|     wallclock() was called  176707 times
