
          -------------------------------------------------------
          Amber 16 SANDER                              2016
          -------------------------------------------------------

| Run on 10/31/2017 at 10:00:50

|   Executable path: sander
| Working directory: /home/haofan/Simulation/octanol/octanol_hydration_free_energy/equilibration
|          Hostname: Unknown
  [-O]verwriting output

File Assignments:
|  MDIN: md00004.in                                                            
| MDOUT: md00004.out                                                           
|INPCRD: md00003.rst7                                                          
|  PARM: ../solvated.parm7                                                     
|RESTRT: md00004.rst7                                                          
|  REFC: ../solvated.rst7                                                      
| MDVEL: mdvel                                                                 
| MDFRC: mdfrc                                                                 
|  MDEN: md00004.en                                                            
| MDCRD: md00004.nv                                                            
|MDINFO: md00004.info                                                          
|  MTMD: mtmd                                                                  
|INPDIP: inpdip                                                                
|RSTDIP: rstdip                                                                
|INPTRA: inptraj                                                               


 Here is the input file:

md with sander                                                                 
&cntrl                                                                         
ntxo=1,                                                                        
imin = 0, nstlim = 15000, irest = 1, ntx = 5, dt = 0.002,                      
ntt = 1, temp0 = 298.0, tautp = 1.0,                                           
ntp = 1, pres0 = 1.0, taup = 0.5,                                              
ntb = 2,                                                                       
ntc = 2, ntf = 2,                                                              
ioutfm = 1, iwrap = 1,                                                         
ntwe = 3000, ntwx = 3000, ntpr = 1500,                                         
ntr = 1, restraint_wt = 10.00,                                                 
restraintmask="!:WAT,HOH,T3P,T4P",                                             
/                                                                              
                                                                               

--------------------------------------------------------------------------------
   1.  RESOURCE   USE: 
--------------------------------------------------------------------------------

| Flags:                                                                        
 getting new box info from bottom of inpcrd
|  INFO: Old style inpcrd file read

| peek_ewald_inpcrd: Box info found
|Largest sphere to fit in unit cell has radius =    17.505
| New format PARM file being parsed.
| Version =    1.000 Date = 10/25/17 Time = 11:10:43
 NATOM  =    3219 NTYPES =       7 NBONH =    3210 MBONA  =       8
 NTHETH =      42 MTHETA =       7 NPHIH =      63 MPHIA  =      16
 NHPARM =       0 NPARM  =       0 NNB   =    4398 NRES   =    1065
 NBONA  =       8 NTHETA =       7 NPHIA =      16 NUMBND =       7
 NUMANG =       8 NPTRA  =       9 NATYP =       7 NPHB   =       1
 IFBOX  =       1 NMXRS  =      27 IFCAP =       0 NEXTRA =       0
 NCOPY  =       0


|     Memory Use     Allocated
|     Real              312692
|     Hollerith          10724
|     Integer            97068
|     Max Pairs        1073000
|     nblistReal         38628
|     nblist Int        173839
|       Total             8036 kbytes

| Note: 1-4 EEL scale factors are being read from the topology file.

| Note: 1-4 VDW scale factors are being read from the topology file.
| Duplicated    0 dihedrals
| Duplicated    0 dihedrals

     BOX TYPE: RECTILINEAR

--------------------------------------------------------------------------------
   2.  CONTROL  DATA  FOR  THE  RUN
--------------------------------------------------------------------------------

OCT                                                                             

General flags:
     imin    =       0, nmropt  =       0

Nature and format of input:
     ntx     =       5, irest   =       1, ntrx    =       1

Nature and format of output:
     ntxo    =       1, ntpr    =    1500, ntrx    =       1, ntwr    =   15000
     iwrap   =       1, ntwx    =    3000, ntwv    =       0, ntwe    =    3000
     ioutfm  =       1, ntwprt  =       0, idecomp =       0, rbornstat=      0

Potential function:
     ntf     =       2, ntb     =       2, igb     =       0, nsnb    =      25
     ipol    =       0, gbsa    =       0, iesp    =       0
     dielc   =   1.00000, cut     =   8.00000, intdiel =   1.00000

Frozen or restrained atoms:
     ibelly  =       0, ntr     =       1
     restraint_wt =  10.00000

Molecular dynamics:
     nstlim  =     15000, nscm    =         0, nrespa  =         1
     t       =   0.00000, dt      =   0.00200, vlimit  =  20.00000

Berendsen (weak-coupling) temperature regulation:
     temp0   = 298.00000, tempi   =   0.00000, tautp   =   1.00000

Pressure regulation:
     ntp     =       1
     pres0   =   1.00000, comp    =  44.60000, taup    =   0.50000

SHAKE:
     ntc     =       2, jfastw  =       0
     tol     =   0.00001

Ewald parameters:
     verbose =       0, ew_type =       0, nbflag  =       1, use_pme =       1
     vdwmeth =       1, eedmeth =       1, netfrc  =       1
     Box X =   35.010   Box Y =   38.307   Box Z =   35.644
     Alpha =   90.000   Beta  =   90.000   Gamma =   90.000
     NFFT1 =   36       NFFT2 =   40       NFFT3 =   36
     Cutoff=    8.000   Tol   =0.100E-04
     Ewald Coefficient =  0.34864
     Interpolation order =    4

    LOADING THE CONSTRAINED ATOMS AS GROUPS


   5.  REFERENCE ATOM COORDINATES

  OCT 
     Mask !:WAT,HOH,T3P,T4P; matches    27 atoms

--------------------------------------------------------------------------------
   3.  ATOMIC COORDINATES AND VELOCITIES
--------------------------------------------------------------------------------

OCT                                                                             
 begin time read from input coords =    10.000 ps

 Number of triangulated 3-point waters found:     1064

     Sum of charges from parm topology file =  -0.00100000
     Forcing neutrality...

--------------------------------------------------------------------------------
   4.  RESULTS
--------------------------------------------------------------------------------

|  # of SOLUTE  degrees of freedom (RNDFP):    6447.
|  # of SOLVENT degrees of freedom (RNDFS):       0.
|  NDFMIN =    6447.     NUM_NOSHAKE =      0     CORRECTED RNDFP =    6447.
|  TOTAL # of degrees of freedom (RNDF) =    6447.
 ---------------------------------------------------
 APPROXIMATING switch and d/dx switch using CUBIC SPLINE INTERPOLATION
 using   5000.0 points per unit in tabled values
 TESTING RELATIVE ERROR over r ranging from 0.0 to cutoff
| CHECK switch(x): max rel err =   0.2738E-14   at   2.422500
| CHECK d/dx switch(x): max rel err =   0.8332E-11   at   2.782960
 ---------------------------------------------------
| Local SIZE OF NONBOND LIST =     524935
| TOTAL SIZE OF NONBOND LIST =     524935

 NSTEP =     1500   TIME(PS) =      13.000  TEMP(K) =   293.55  PRESS =  -427.4
 Etot   =     -7970.0850  EKtot   =      1880.3704  EPtot      =     -9850.4554
 BOND   =         2.7602  ANGLE   =         7.9325  DIHED      =         3.9342
 1-4 NB =         2.5674  1-4 EEL =        -2.4252  VDWAALS    =      1495.7453
 EELEC  =    -11366.9729  EHBOND  =         0.0000  RESTRAINT  =         6.0032
 EAMBER (non-restraint)  =     -9856.4586
 EKCMT  =       923.3596  VIRIAL  =      1312.1415  VOLUME     =     42133.4603
                                                    Density    =         0.7606
 Ewald error estimate:   0.1502E-04
 ------------------------------------------------------------------------------


 NSTEP =     3000   TIME(PS) =      16.000  TEMP(K) =   299.82  PRESS =  -629.3
 Etot   =     -8083.4613  EKtot   =      1920.5517  EPtot      =    -10004.0130
 BOND   =         1.3362  ANGLE   =        10.7561  DIHED      =         4.1487
 1-4 NB =         2.2793  1-4 EEL =        -2.2385  VDWAALS    =      1453.2461
 EELEC  =    -11478.3242  EHBOND  =         0.0000  RESTRAINT  =         4.7833
 EAMBER (non-restraint)  =    -10008.7964
 EKCMT  =       948.9863  VIRIAL  =      1450.6750  VOLUME     =     36920.7503
                                                    Density    =         0.8680
 Ewald error estimate:   0.4913E-04
 ------------------------------------------------------------------------------


 NSTEP =     4500   TIME(PS) =      19.000  TEMP(K) =   300.36  PRESS =  -431.0
 Etot   =     -8154.1999  EKtot   =      1924.0338  EPtot      =    -10078.2337
 BOND   =         0.7614  ANGLE   =         9.3744  DIHED      =         3.6702
 1-4 NB =         2.0171  1-4 EEL =        -2.1577  VDWAALS    =      1468.3760
 EELEC  =    -11563.7482  EHBOND  =         0.0000  RESTRAINT  =         3.4733
 EAMBER (non-restraint)  =    -10081.7070
 EKCMT  =       947.5385  VIRIAL  =      1264.0135  VOLUME     =     34005.3670
                                                    Density    =         0.9424
 Ewald error estimate:   0.1695E-03
 ------------------------------------------------------------------------------


 NSTEP =     6000   TIME(PS) =      22.000  TEMP(K) =   304.71  PRESS =  -246.9
 Etot   =     -8198.2132  EKtot   =      1951.9008  EPtot      =    -10150.1139
 BOND   =         1.2489  ANGLE   =         7.9162  DIHED      =         4.1377
 1-4 NB =         1.9963  1-4 EEL =        -2.1946  VDWAALS    =      1500.0433
 EELEC  =    -11667.1500  EHBOND  =         0.0000  RESTRAINT  =         3.8882
 EAMBER (non-restraint)  =    -10154.0022
 EKCMT  =       972.7661  VIRIAL  =      1149.4872  VOLUME     =     33148.9898
                                                    Density    =         0.9668
 Ewald error estimate:   0.2674E-03
 ------------------------------------------------------------------------------


 NSTEP =     7500   TIME(PS) =      25.000  TEMP(K) =   293.32  PRESS =   390.3
 Etot   =     -8242.3015  EKtot   =      1878.9476  EPtot      =    -10121.2491
 BOND   =         1.2139  ANGLE   =         6.8652  DIHED      =         3.5329
 1-4 NB =         2.4984  1-4 EEL =        -2.4987  VDWAALS    =      1553.6353
 EELEC  =    -11690.1907  EHBOND  =         0.0000  RESTRAINT  =         3.6946
 EAMBER (non-restraint)  =    -10124.9438
 EKCMT  =       943.1194  VIRIAL  =       669.8987  VOLUME     =     32417.9866
                                                    Density    =         0.9886
 Ewald error estimate:   0.1049E-03
 ------------------------------------------------------------------------------


 NSTEP =     9000   TIME(PS) =      28.000  TEMP(K) =   297.47  PRESS =   211.6
 Etot   =     -8232.8752  EKtot   =      1905.5388  EPtot      =    -10138.4140
 BOND   =         1.2615  ANGLE   =         8.9023  DIHED      =         4.5944
 1-4 NB =         2.6279  1-4 EEL =        -2.7590  VDWAALS    =      1527.7902
 EELEC  =    -11686.4458  EHBOND  =         0.0000  RESTRAINT  =         5.6145
 EAMBER (non-restraint)  =    -10144.0285
 EKCMT  =       948.5061  VIRIAL  =       799.9137  VOLUME     =     32523.7423
                                                    Density    =         0.9854
 Ewald error estimate:   0.1366E-03
 ------------------------------------------------------------------------------


 NSTEP =    10500   TIME(PS) =      31.000  TEMP(K) =   298.12  PRESS =   628.2
 Etot   =     -8252.7642  EKtot   =      1909.7012  EPtot      =    -10162.4654
 BOND   =         2.8896  ANGLE   =         8.1396  DIHED      =         3.7680
 1-4 NB =         2.1863  1-4 EEL =        -2.2820  VDWAALS    =      1577.1099
 EELEC  =    -11759.6598  EHBOND  =         0.0000  RESTRAINT  =         5.3830
 EAMBER (non-restraint)  =    -10167.8484
 EKCMT  =       952.2874  VIRIAL  =       515.0966  VOLUME     =     32232.2407
                                                    Density    =         0.9943
 Ewald error estimate:   0.1461E-03
 ------------------------------------------------------------------------------


 NSTEP =    12000   TIME(PS) =      34.000  TEMP(K) =   298.04  PRESS =  -230.7
 Etot   =     -8258.3706  EKtot   =      1909.1553  EPtot      =    -10167.5258
 BOND   =         0.6705  ANGLE   =        11.1170  DIHED      =         3.8391
 1-4 NB =         2.2991  1-4 EEL =        -1.9486  VDWAALS    =      1476.0125
 EELEC  =    -11665.2121  EHBOND  =         0.0000  RESTRAINT  =         5.6967
 EAMBER (non-restraint)  =    -10173.2225
 EKCMT  =       955.8634  VIRIAL  =      1118.1768  VOLUME     =     32579.7260
                                                    Density    =         0.9837
 Ewald error estimate:   0.1014E-03
 ------------------------------------------------------------------------------


 NSTEP =    13500   TIME(PS) =      37.000  TEMP(K) =   290.89  PRESS =   251.2
 Etot   =     -8261.0353  EKtot   =      1863.3840  EPtot      =    -10124.4194
 BOND   =         0.9257  ANGLE   =         7.0141  DIHED      =         3.4735
 1-4 NB =         1.8333  1-4 EEL =        -1.9160  VDWAALS    =      1544.4435
 EELEC  =    -11684.8995  EHBOND  =         0.0000  RESTRAINT  =         4.7061
 EAMBER (non-restraint)  =    -10129.1255
 EKCMT  =       961.1441  VIRIAL  =       783.6032  VOLUME     =     32733.7755
                                                    Density    =         0.9790
 Ewald error estimate:   0.1453E-04
 ------------------------------------------------------------------------------


 NSTEP =    15000   TIME(PS) =      40.000  TEMP(K) =   298.09  PRESS =  -418.7
 Etot   =     -8281.8709  EKtot   =      1909.4523  EPtot      =    -10191.3233
 BOND   =         2.0415  ANGLE   =         6.8372  DIHED      =         3.9882
 1-4 NB =         2.8662  1-4 EEL =        -2.1770  VDWAALS    =      1447.5033
 EELEC  =    -11655.9969  EHBOND  =         0.0000  RESTRAINT  =         3.6142
 EAMBER (non-restraint)  =    -10194.9374
 EKCMT  =       951.8863  VIRIAL  =      1244.4504  VOLUME     =     32359.9131
                                                    Density    =         0.9904
 Ewald error estimate:   0.7695E-04
 ------------------------------------------------------------------------------


      A V E R A G E S   O V E R   15000 S T E P S


 NSTEP =    15000   TIME(PS) =      40.000  TEMP(K) =   297.79  PRESS =  -144.8
 Etot   =     -8173.2913  EKtot   =      1907.5657  EPtot      =    -10080.8570
 BOND   =         1.7578  ANGLE   =         8.5825  DIHED      =         3.8684
 1-4 NB =         2.4197  1-4 EEL =        -2.2034  VDWAALS    =      1503.7407
 EELEC  =    -11604.0626  EHBOND  =         0.0000  RESTRAINT  =         5.0399
 EAMBER (non-restraint)  =    -10085.8969
 EKCMT  =       949.7603  VIRIAL  =      1073.6244  VOLUME     =     34851.0439
                                                    Density    =         0.9300
 Ewald error estimate:   0.1703E-03
 ------------------------------------------------------------------------------


      R M S  F L U C T U A T I O N S


 NSTEP =    15000   TIME(PS) =      40.000  TEMP(K) =     4.39  PRESS =   312.5
 Etot   =       106.1247  EKtot   =        28.1168  EPtot      =       115.2001
 BOND   =         0.8113  ANGLE   =         1.6026  DIHED      =         0.3001
 1-4 NB =         0.4264  1-4 EEL =         0.2955  VDWAALS    =        40.2510
 EELEC  =       125.6280  EHBOND  =         0.0000  RESTRAINT  =         1.3619
 EAMBER (non-restraint)  =       113.8383
 EKCMT  =        22.3291  VIRIAL  =       253.6490  VOLUME     =      4040.0359
                                                    Density    =         0.0906
 Ewald error estimate:   0.1312E-03
 ------------------------------------------------------------------------------


--------------------------------------------------------------------------------
   5.  TIMINGS
--------------------------------------------------------------------------------

|                Build the list            34.20 (99.48% of List )
|                Other                      0.18 ( 0.52% of List )
|             List time                 34.38 ( 8.55% of Nonbo)
|                   Short_ene time           289.61 (99.28% of Direc)
|                   Other                      2.11 ( 0.72% of Direc)
|                Direct Ewald time        291.72 (79.33% of Ewald)
|                Adjust Ewald time          1.71 ( 0.47% of Ewald)
|                   Fill Bspline coeffs        2.74 ( 3.70% of Recip)
|                   Fill charge grid           7.22 ( 9.76% of Recip)
|                   Scalar sum                17.21 (23.25% of Recip)
|                   Grad sum                  14.72 (19.89% of Recip)
|                   FFT time                  32.10 (43.39% of Recip)
|                   Other                      0.01 ( 0.01% of Recip)
|                Recip Ewald time          73.99 (20.12% of Ewald)
|                Force Adjust               0.06 ( 0.02% of Ewald)
|                Virial junk                0.18 ( 0.05% of Ewald)
|                Other                      0.05 ( 0.01% of Ewald)
|             Ewald time               367.73 (91.45% of Nonbo)
|          Nonbond force            402.11 (99.88% of Force)
|          Bond/Angle/Dihedral        0.42 ( 0.10% of Force)
|          Other                      0.07 ( 0.02% of Force)
|       Force time               402.60 (98.75% of Runmd)
|       Shake time                 2.31 ( 0.57% of Runmd)
|       Verlet update time         2.32 ( 0.57% of Runmd)
|       Ekcmr time                 0.30 ( 0.07% of Runmd)
|       Other                      0.17 ( 0.04% of Runmd)
|    Runmd Time               407.70 (100.0% of Total)
|    Other                      0.05 ( 0.01% of Total)
| Total time               407.76 (100.0% of ALL  )

| Number of list builds   :       1401

| Highest rstack allocated:     206839
| Highest istack allocated:       3219

| Final Performance Info:
| -----------------------------------------------------
| Average timings for all steps:
|     Elapsed(s) =     407.70 Per Step(ms) =      27.18
|         ns/day =       6.36   seconds/ns =   13590.01
| -----------------------------------------------------

|           Job began  at 10:00:50.944  on 10/31/2017
|           Setup done at 10:00:51.003  on 10/31/2017
|           Run   done at 10:07:38.703  on 10/31/2017
|     wallclock() was called  692825 times
